#! /usr/bin/vvp
:ivl_version "12.0 (stable)";
:ivl_delay_selection "TYPICAL";
:vpi_time_precision - 12;
:vpi_module "/usr/lib/x86_64-linux-gnu/ivl/system.vpi";
:vpi_module "/usr/lib/x86_64-linux-gnu/ivl/vhdl_sys.vpi";
:vpi_module "/usr/lib/x86_64-linux-gnu/ivl/vhdl_textio.vpi";
:vpi_module "/usr/lib/x86_64-linux-gnu/ivl/v2005_math.vpi";
:vpi_module "/usr/lib/x86_64-linux-gnu/ivl/va_math.vpi";
S_0x5eba9de7f4f0 .scope module, "assign_tb" "assign_tb" 2 3;
 .timescale -9 -12;
v0x5eba9dec8c50_0 .var "clk", 0 0;
v0x5eba9dec8d20_0 .net "y", 0 0, v0x5eba9dec8b50_0;  1 drivers
S_0x5eba9de7f680 .scope module, "DUT" "workspace" 2 7, 3 1 0, S_0x5eba9de7f4f0;
 .timescale 0 0;
    .port_info 0 /INPUT 1 "clk";
    .port_info 1 /OUTPUT 1 "y";
v0x5eba9de7f810_0 .var "a", 0 0;
v0x5eba9dec8a90_0 .net "clk", 0 0, v0x5eba9dec8c50_0;  1 drivers
v0x5eba9dec8b50_0 .var "y", 0 0;
E_0x5eba9deb9010 .event posedge, v0x5eba9dec8a90_0;
    .scope S_0x5eba9de7f680;
T_0 ;
    %pushi/vec4 0, 0, 1;
    %store/vec4 v0x5eba9de7f810_0, 0, 1;
    %end;
    .thread T_0;
    .scope S_0x5eba9de7f680;
T_1 ;
    %wait E_0x5eba9deb9010;
    %pushi/vec4 1, 0, 1;
    %assign/vec4 v0x5eba9de7f810_0, 0;
    %load/vec4 v0x5eba9de7f810_0;
    %assign/vec4 v0x5eba9dec8b50_0, 0;
    %jmp T_1;
    .thread T_1;
    .scope S_0x5eba9de7f4f0;
T_2 ;
    %delay 50000, 0;
    %vpi_call 2 9 "$finish" {0 0 0};
    %end;
    .thread T_2;
    .scope S_0x5eba9de7f4f0;
T_3 ;
    %vpi_call 2 11 "$dumpfile", "sim/assign.vcd" {0 0 0};
    %vpi_call 2 12 "$dumpvars", 32'sb00000000000000000000000000000000, S_0x5eba9de7f4f0 {0 0 0};
    %pushi/vec4 0, 0, 1;
    %store/vec4 v0x5eba9dec8c50_0, 0, 1;
T_3.0 ;
    %delay 5000, 0;
    %load/vec4 v0x5eba9dec8c50_0;
    %inv;
    %store/vec4 v0x5eba9dec8c50_0, 0, 1;
    %jmp T_3.0;
    %end;
    .thread T_3;
# The file index is used to find the file name in the following table.
:file_names 4;
    "N/A";
    "<interactive>";
    "tb/assign_tb.v";
    "rtl/assign.v";
