#! /usr/bin/vvp
:ivl_version "12.0 (stable)";
:ivl_delay_selection "TYPICAL";
:vpi_time_precision + 0;
:vpi_module "/usr/lib/x86_64-linux-gnu/ivl/system.vpi";
:vpi_module "/usr/lib/x86_64-linux-gnu/ivl/vhdl_sys.vpi";
:vpi_module "/usr/lib/x86_64-linux-gnu/ivl/vhdl_textio.vpi";
:vpi_module "/usr/lib/x86_64-linux-gnu/ivl/v2005_math.vpi";
:vpi_module "/usr/lib/x86_64-linux-gnu/ivl/va_math.vpi";
S_0x5876bc9c9360 .scope module, "bcd_counter_tb" "bcd_counter_tb" 2 1;
 .timescale 0 0;
v0x5876bc9f6f80_0 .net "A", 3 0, L_0x5876bc9f7cb0;  1 drivers
v0x5876bc9f7070_0 .var "clk", 0 0;
v0x5876bc9f7160_0 .var "rst", 0 0;
S_0x5876bc9ce860 .scope module, "DUT" "bcd_counter" 2 5, 3 11 0, S_0x5876bc9c9360;
 .timescale 0 0;
    .port_info 0 /INPUT 1 "clk";
    .port_info 1 /INPUT 1 "rst";
    .port_info 2 /OUTPUT 4 "A";
L_0x5876bc9f73f0 .functor AND 1, L_0x5876bc9f7230, L_0x5876bc9f7350, C4<1>, C4<1>;
L_0x5876bc9f7530 .functor NOT 1, L_0x5876bc9f73f0, C4<0>, C4<0>, C4<0>;
L_0x5876bc9f75f0 .functor AND 1, v0x5876bc9f7160_0, L_0x5876bc9f7530, C4<1>, C4<1>;
L_0x5876bc9f77a0 .functor AND 1, v0x5876bc9f7160_0, L_0x5876bc9f7530, C4<1>, C4<1>;
L_0x5876bc9f7970 .functor AND 1, v0x5876bc9f7160_0, L_0x5876bc9f7530, C4<1>, C4<1>;
L_0x5876bc9f7bd0 .functor AND 1, v0x5876bc9f7160_0, L_0x5876bc9f7530, C4<1>, C4<1>;
v0x5876bc9f6930_0 .net "A", 3 0, L_0x5876bc9f7cb0;  alias, 1 drivers
v0x5876bc9f6a30_0 .net *"_ivl_1", 0 0, L_0x5876bc9f7230;  1 drivers
v0x5876bc9f6b10_0 .net *"_ivl_3", 0 0, L_0x5876bc9f7350;  1 drivers
v0x5876bc9f6bd0_0 .net *"_ivl_4", 0 0, L_0x5876bc9f73f0;  1 drivers
v0x5876bc9f6cb0_0 .net "clk", 0 0, v0x5876bc9f7070_0;  1 drivers
v0x5876bc9f6da0_0 .net "rst", 0 0, v0x5876bc9f7160_0;  1 drivers
v0x5876bc9f6e40_0 .net "t", 0 0, L_0x5876bc9f7530;  1 drivers
L_0x5876bc9f7230 .part L_0x5876bc9f7cb0, 3, 1;
L_0x5876bc9f7350 .part L_0x5876bc9f7cb0, 1, 1;
L_0x5876bc9f7700 .part L_0x5876bc9f7cb0, 0, 1;
L_0x5876bc9f7870 .part L_0x5876bc9f7cb0, 1, 1;
L_0x5876bc9f7b00 .part L_0x5876bc9f7cb0, 2, 1;
L_0x5876bc9f7cb0 .concat8 [ 1 1 1 1], v0x5876bc9cede0_0, v0x5876bc9f58c0_0, v0x5876bc9f5ee0_0, v0x5876bc9f6550_0;
S_0x5876bc9cd1d0 .scope module, "T1" "t_ff" 3 19, 3 1 0, S_0x5876bc9ce860;
 .timescale 0 0;
    .port_info 0 /INPUT 1 "clk";
    .port_info 1 /INPUT 1 "rst";
    .port_info 2 /INPUT 1 "T";
    .port_info 3 /OUTPUT 1 "A";
v0x5876bc9cede0_0 .var "A", 0 0;
L_0x752512a6e018 .functor BUFT 1, C4<1>, C4<0>, C4<0>, C4<0>;
v0x5876bc9cd750_0 .net "T", 0 0, L_0x752512a6e018;  1 drivers
v0x5876bc9cc0c0_0 .net "clk", 0 0, v0x5876bc9f7070_0;  alias, 1 drivers
v0x5876bc9caa30_0 .net "rst", 0 0, L_0x5876bc9f75f0;  1 drivers
E_0x5876bc9da3c0 .event negedge, v0x5876bc9caa30_0, v0x5876bc9cc0c0_0;
S_0x5876bc9f5630 .scope module, "T2" "t_ff" 3 20, 3 1 0, S_0x5876bc9ce860;
 .timescale 0 0;
    .port_info 0 /INPUT 1 "clk";
    .port_info 1 /INPUT 1 "rst";
    .port_info 2 /INPUT 1 "T";
    .port_info 3 /OUTPUT 1 "A";
v0x5876bc9f58c0_0 .var "A", 0 0;
L_0x752512a6e060 .functor BUFT 1, C4<1>, C4<0>, C4<0>, C4<0>;
v0x5876bc9f59a0_0 .net "T", 0 0, L_0x752512a6e060;  1 drivers
v0x5876bc9f5a60_0 .net "clk", 0 0, L_0x5876bc9f7700;  1 drivers
v0x5876bc9f5b00_0 .net "rst", 0 0, L_0x5876bc9f77a0;  1 drivers
E_0x5876bc9da670 .event negedge, v0x5876bc9f5b00_0, v0x5876bc9f5a60_0;
S_0x5876bc9f5c40 .scope module, "T3" "t_ff" 3 21, 3 1 0, S_0x5876bc9ce860;
 .timescale 0 0;
    .port_info 0 /INPUT 1 "clk";
    .port_info 1 /INPUT 1 "rst";
    .port_info 2 /INPUT 1 "T";
    .port_info 3 /OUTPUT 1 "A";
v0x5876bc9f5ee0_0 .var "A", 0 0;
L_0x752512a6e0a8 .functor BUFT 1, C4<1>, C4<0>, C4<0>, C4<0>;
v0x5876bc9f5fc0_0 .net "T", 0 0, L_0x752512a6e0a8;  1 drivers
v0x5876bc9f6080_0 .net "clk", 0 0, L_0x5876bc9f7870;  1 drivers
v0x5876bc9f6150_0 .net "rst", 0 0, L_0x5876bc9f7970;  1 drivers
E_0x5876bc9dac50 .event negedge, v0x5876bc9f6150_0, v0x5876bc9f6080_0;
S_0x5876bc9f62c0 .scope module, "T4" "t_ff" 3 22, 3 1 0, S_0x5876bc9ce860;
 .timescale 0 0;
    .port_info 0 /INPUT 1 "clk";
    .port_info 1 /INPUT 1 "rst";
    .port_info 2 /INPUT 1 "T";
    .port_info 3 /OUTPUT 1 "A";
v0x5876bc9f6550_0 .var "A", 0 0;
L_0x752512a6e0f0 .functor BUFT 1, C4<1>, C4<0>, C4<0>, C4<0>;
v0x5876bc9f6630_0 .net "T", 0 0, L_0x752512a6e0f0;  1 drivers
v0x5876bc9f66f0_0 .net "clk", 0 0, L_0x5876bc9f7b00;  1 drivers
v0x5876bc9f67c0_0 .net "rst", 0 0, L_0x5876bc9f7bd0;  1 drivers
E_0x5876bc9c4210 .event negedge, v0x5876bc9f67c0_0, v0x5876bc9f66f0_0;
    .scope S_0x5876bc9cd1d0;
T_0 ;
    %wait E_0x5876bc9da3c0;
    %load/vec4 v0x5876bc9caa30_0;
    %nor/r;
    %flag_set/vec4 8;
    %jmp/0xz  T_0.0, 8;
    %pushi/vec4 0, 0, 1;
    %assign/vec4 v0x5876bc9cede0_0, 0;
    %jmp T_0.1;
T_0.0 ;
    %load/vec4 v0x5876bc9cd750_0;
    %cmpi/e 1, 0, 1;
    %jmp/0xz  T_0.2, 4;
    %load/vec4 v0x5876bc9cede0_0;
    %inv;
    %assign/vec4 v0x5876bc9cede0_0, 0;
T_0.2 ;
T_0.1 ;
    %jmp T_0;
    .thread T_0;
    .scope S_0x5876bc9f5630;
T_1 ;
    %wait E_0x5876bc9da670;
    %load/vec4 v0x5876bc9f5b00_0;
    %nor/r;
    %flag_set/vec4 8;
    %jmp/0xz  T_1.0, 8;
    %pushi/vec4 0, 0, 1;
    %assign/vec4 v0x5876bc9f58c0_0, 0;
    %jmp T_1.1;
T_1.0 ;
    %load/vec4 v0x5876bc9f59a0_0;
    %cmpi/e 1, 0, 1;
    %jmp/0xz  T_1.2, 4;
    %load/vec4 v0x5876bc9f58c0_0;
    %inv;
    %assign/vec4 v0x5876bc9f58c0_0, 0;
T_1.2 ;
T_1.1 ;
    %jmp T_1;
    .thread T_1;
    .scope S_0x5876bc9f5c40;
T_2 ;
    %wait E_0x5876bc9dac50;
    %load/vec4 v0x5876bc9f6150_0;
    %nor/r;
    %flag_set/vec4 8;
    %jmp/0xz  T_2.0, 8;
    %pushi/vec4 0, 0, 1;
    %assign/vec4 v0x5876bc9f5ee0_0, 0;
    %jmp T_2.1;
T_2.0 ;
    %load/vec4 v0x5876bc9f5fc0_0;
    %cmpi/e 1, 0, 1;
    %jmp/0xz  T_2.2, 4;
    %load/vec4 v0x5876bc9f5ee0_0;
    %inv;
    %assign/vec4 v0x5876bc9f5ee0_0, 0;
T_2.2 ;
T_2.1 ;
    %jmp T_2;
    .thread T_2;
    .scope S_0x5876bc9f62c0;
T_3 ;
    %wait E_0x5876bc9c4210;
    %load/vec4 v0x5876bc9f67c0_0;
    %nor/r;
    %flag_set/vec4 8;
    %jmp/0xz  T_3.0, 8;
    %pushi/vec4 0, 0, 1;
    %assign/vec4 v0x5876bc9f6550_0, 0;
    %jmp T_3.1;
T_3.0 ;
    %load/vec4 v0x5876bc9f6630_0;
    %cmpi/e 1, 0, 1;
    %jmp/0xz  T_3.2, 4;
    %load/vec4 v0x5876bc9f6550_0;
    %inv;
    %assign/vec4 v0x5876bc9f6550_0, 0;
T_3.2 ;
T_3.1 ;
    %jmp T_3;
    .thread T_3;
    .scope S_0x5876bc9c9360;
T_4 ;
    %delay 200, 0;
    %vpi_call 2 7 "$finish" {0 0 0};
    %end;
    .thread T_4;
    .scope S_0x5876bc9c9360;
T_5 ;
    %pushi/vec4 0, 0, 1;
    %store/vec4 v0x5876bc9f7070_0, 0, 1;
T_5.0 ;
    %delay 5, 0;
    %load/vec4 v0x5876bc9f7070_0;
    %inv;
    %store/vec4 v0x5876bc9f7070_0, 0, 1;
    %jmp T_5.0;
    %end;
    .thread T_5;
    .scope S_0x5876bc9c9360;
T_6 ;
    %vpi_call 2 14 "$dumpfile", "bcdCount_sim.vcd" {0 0 0};
    %vpi_call 2 15 "$dumpvars", 32'sb00000000000000000000000000000000, S_0x5876bc9c9360 {0 0 0};
    %pushi/vec4 0, 0, 1;
    %store/vec4 v0x5876bc9f7160_0, 0, 1;
    %delay 5, 0;
    %pushi/vec4 1, 0, 1;
    %store/vec4 v0x5876bc9f7160_0, 0, 1;
    %end;
    .thread T_6;
# The file index is used to find the file name in the following table.
:file_names 4;
    "N/A";
    "<interactive>";
    "./tb/bcd_counter_tb.v";
    "./rtl/bcd_counter.v";
