#! /usr/bin/vvp
:ivl_version "12.0 (stable)";
:ivl_delay_selection "TYPICAL";
:vpi_time_precision + 0;
:vpi_module "/usr/lib/x86_64-linux-gnu/ivl/system.vpi";
:vpi_module "/usr/lib/x86_64-linux-gnu/ivl/vhdl_sys.vpi";
:vpi_module "/usr/lib/x86_64-linux-gnu/ivl/vhdl_textio.vpi";
:vpi_module "/usr/lib/x86_64-linux-gnu/ivl/v2005_math.vpi";
:vpi_module "/usr/lib/x86_64-linux-gnu/ivl/va_math.vpi";
S_0x6418ee2b1ff0 .scope module, "binary_counter_tb" "binary_counter_tb" 2 1;
 .timescale 0 0;
v0x6418ee2dca20_0 .net "A", 3 0, L_0x6418ee2dcfd0;  1 drivers
v0x6418ee2dcb10_0 .var "clk", 0 0;
v0x6418ee2dcbb0_0 .var "rst", 0 0;
S_0x6418ee2c41d0 .scope module, "DUT" "binary_counter" 2 5, 3 12 0, S_0x6418ee2b1ff0;
 .timescale 0 0;
    .port_info 0 /INPUT 1 "clk";
    .port_info 1 /INPUT 1 "rst";
    .port_info 2 /OUTPUT 4 "A";
v0x6418ee2dc770_0 .net "A", 3 0, L_0x6418ee2dcfd0;  alias, 1 drivers
v0x6418ee2dc870_0 .net "clk", 0 0, v0x6418ee2dcb10_0;  1 drivers
v0x6418ee2dc930_0 .net "rst", 0 0, v0x6418ee2dcbb0_0;  1 drivers
L_0x6418ee2dcc80 .part L_0x6418ee2dcfd0, 0, 1;
L_0x6418ee2dcda0 .part L_0x6418ee2dcfd0, 1, 1;
L_0x6418ee2dced0 .part L_0x6418ee2dcfd0, 2, 1;
L_0x6418ee2dcfd0 .concat8 [ 1 1 1 1], v0x6418ee2b4d40_0, v0x6418ee2db730_0, v0x6418ee2dbd40_0, v0x6418ee2dc3b0_0;
S_0x6418ee2c43b0 .scope module, "T1" "t_ff" 3 17, 3 1 0, S_0x6418ee2c41d0;
 .timescale 0 0;
    .port_info 0 /INPUT 1 "clk";
    .port_info 1 /INPUT 1 "rst";
    .port_info 2 /INPUT 1 "T";
    .port_info 3 /OUTPUT 1 "A";
v0x6418ee2b4d40_0 .var "A", 0 0;
L_0x71e361786018 .functor BUFT 1, C4<1>, C4<0>, C4<0>, C4<0>;
v0x6418ee2b3a10_0 .net "T", 0 0, L_0x71e361786018;  1 drivers
v0x6418ee2b26e0_0 .net "clk", 0 0, v0x6418ee2dcb10_0;  alias, 1 drivers
v0x6418ee2b1330_0 .net "rst", 0 0, v0x6418ee2dcbb0_0;  alias, 1 drivers
E_0x6418ee2c2a80 .event negedge, v0x6418ee2b1330_0, v0x6418ee2b26e0_0;
S_0x6418ee2db4a0 .scope module, "T2" "t_ff" 3 18, 3 1 0, S_0x6418ee2c41d0;
 .timescale 0 0;
    .port_info 0 /INPUT 1 "clk";
    .port_info 1 /INPUT 1 "rst";
    .port_info 2 /INPUT 1 "T";
    .port_info 3 /OUTPUT 1 "A";
v0x6418ee2db730_0 .var "A", 0 0;
L_0x71e361786060 .functor BUFT 1, C4<1>, C4<0>, C4<0>, C4<0>;
v0x6418ee2db810_0 .net "T", 0 0, L_0x71e361786060;  1 drivers
v0x6418ee2db8d0_0 .net "clk", 0 0, L_0x6418ee2dcc80;  1 drivers
v0x6418ee2db970_0 .net "rst", 0 0, v0x6418ee2dcbb0_0;  alias, 1 drivers
E_0x6418ee2c23e0 .event negedge, v0x6418ee2b1330_0, v0x6418ee2db8d0_0;
S_0x6418ee2dbaa0 .scope module, "T3" "t_ff" 3 19, 3 1 0, S_0x6418ee2c41d0;
 .timescale 0 0;
    .port_info 0 /INPUT 1 "clk";
    .port_info 1 /INPUT 1 "rst";
    .port_info 2 /INPUT 1 "T";
    .port_info 3 /OUTPUT 1 "A";
v0x6418ee2dbd40_0 .var "A", 0 0;
L_0x71e3617860a8 .functor BUFT 1, C4<1>, C4<0>, C4<0>, C4<0>;
v0x6418ee2dbe20_0 .net "T", 0 0, L_0x71e3617860a8;  1 drivers
v0x6418ee2dbee0_0 .net "clk", 0 0, L_0x6418ee2dcda0;  1 drivers
v0x6418ee2dbfb0_0 .net "rst", 0 0, v0x6418ee2dcbb0_0;  alias, 1 drivers
E_0x6418ee2c2690 .event negedge, v0x6418ee2b1330_0, v0x6418ee2dbee0_0;
S_0x6418ee2dc120 .scope module, "T4" "t_ff" 3 20, 3 1 0, S_0x6418ee2c41d0;
 .timescale 0 0;
    .port_info 0 /INPUT 1 "clk";
    .port_info 1 /INPUT 1 "rst";
    .port_info 2 /INPUT 1 "T";
    .port_info 3 /OUTPUT 1 "A";
v0x6418ee2dc3b0_0 .var "A", 0 0;
L_0x71e3617860f0 .functor BUFT 1, C4<1>, C4<0>, C4<0>, C4<0>;
v0x6418ee2dc490_0 .net "T", 0 0, L_0x71e3617860f0;  1 drivers
v0x6418ee2dc550_0 .net "clk", 0 0, L_0x6418ee2dced0;  1 drivers
v0x6418ee2dc620_0 .net "rst", 0 0, v0x6418ee2dcbb0_0;  alias, 1 drivers
E_0x6418ee2ac210 .event negedge, v0x6418ee2b1330_0, v0x6418ee2dc550_0;
    .scope S_0x6418ee2c43b0;
T_0 ;
    %wait E_0x6418ee2c2a80;
    %load/vec4 v0x6418ee2b1330_0;
    %nor/r;
    %flag_set/vec4 8;
    %jmp/0xz  T_0.0, 8;
    %pushi/vec4 0, 0, 1;
    %assign/vec4 v0x6418ee2b4d40_0, 0;
    %jmp T_0.1;
T_0.0 ;
    %load/vec4 v0x6418ee2b3a10_0;
    %cmpi/e 1, 0, 1;
    %jmp/0xz  T_0.2, 4;
    %load/vec4 v0x6418ee2b4d40_0;
    %inv;
    %assign/vec4 v0x6418ee2b4d40_0, 0;
T_0.2 ;
T_0.1 ;
    %jmp T_0;
    .thread T_0;
    .scope S_0x6418ee2db4a0;
T_1 ;
    %wait E_0x6418ee2c23e0;
    %load/vec4 v0x6418ee2db970_0;
    %nor/r;
    %flag_set/vec4 8;
    %jmp/0xz  T_1.0, 8;
    %pushi/vec4 0, 0, 1;
    %assign/vec4 v0x6418ee2db730_0, 0;
    %jmp T_1.1;
T_1.0 ;
    %load/vec4 v0x6418ee2db810_0;
    %cmpi/e 1, 0, 1;
    %jmp/0xz  T_1.2, 4;
    %load/vec4 v0x6418ee2db730_0;
    %inv;
    %assign/vec4 v0x6418ee2db730_0, 0;
T_1.2 ;
T_1.1 ;
    %jmp T_1;
    .thread T_1;
    .scope S_0x6418ee2dbaa0;
T_2 ;
    %wait E_0x6418ee2c2690;
    %load/vec4 v0x6418ee2dbfb0_0;
    %nor/r;
    %flag_set/vec4 8;
    %jmp/0xz  T_2.0, 8;
    %pushi/vec4 0, 0, 1;
    %assign/vec4 v0x6418ee2dbd40_0, 0;
    %jmp T_2.1;
T_2.0 ;
    %load/vec4 v0x6418ee2dbe20_0;
    %cmpi/e 1, 0, 1;
    %jmp/0xz  T_2.2, 4;
    %load/vec4 v0x6418ee2dbd40_0;
    %inv;
    %assign/vec4 v0x6418ee2dbd40_0, 0;
T_2.2 ;
T_2.1 ;
    %jmp T_2;
    .thread T_2;
    .scope S_0x6418ee2dc120;
T_3 ;
    %wait E_0x6418ee2ac210;
    %load/vec4 v0x6418ee2dc620_0;
    %nor/r;
    %flag_set/vec4 8;
    %jmp/0xz  T_3.0, 8;
    %pushi/vec4 0, 0, 1;
    %assign/vec4 v0x6418ee2dc3b0_0, 0;
    %jmp T_3.1;
T_3.0 ;
    %load/vec4 v0x6418ee2dc490_0;
    %cmpi/e 1, 0, 1;
    %jmp/0xz  T_3.2, 4;
    %load/vec4 v0x6418ee2dc3b0_0;
    %inv;
    %assign/vec4 v0x6418ee2dc3b0_0, 0;
T_3.2 ;
T_3.1 ;
    %jmp T_3;
    .thread T_3;
    .scope S_0x6418ee2b1ff0;
T_4 ;
    %delay 200, 0;
    %vpi_call 2 7 "$finish" {0 0 0};
    %end;
    .thread T_4;
    .scope S_0x6418ee2b1ff0;
T_5 ;
    %pushi/vec4 0, 0, 1;
    %store/vec4 v0x6418ee2dcb10_0, 0, 1;
T_5.0 ;
    %delay 5, 0;
    %load/vec4 v0x6418ee2dcb10_0;
    %inv;
    %store/vec4 v0x6418ee2dcb10_0, 0, 1;
    %jmp T_5.0;
    %end;
    .thread T_5;
    .scope S_0x6418ee2b1ff0;
T_6 ;
    %vpi_call 2 14 "$dumpfile", "binCount_sim.vcd" {0 0 0};
    %vpi_call 2 15 "$dumpvars", 32'sb00000000000000000000000000000000, S_0x6418ee2b1ff0 {0 0 0};
    %pushi/vec4 0, 0, 1;
    %store/vec4 v0x6418ee2dcbb0_0, 0, 1;
    %delay 5, 0;
    %pushi/vec4 1, 0, 1;
    %store/vec4 v0x6418ee2dcbb0_0, 0, 1;
    %end;
    .thread T_6;
# The file index is used to find the file name in the following table.
:file_names 4;
    "N/A";
    "<interactive>";
    "tb/binary_counter_tb.v";
    "rtl/binary_counter.v";
