#! /usr/bin/vvp
:ivl_version "12.0 (stable)";
:ivl_delay_selection "TYPICAL";
:vpi_time_precision + 0;
:vpi_module "/usr/lib/x86_64-linux-gnu/ivl/system.vpi";
:vpi_module "/usr/lib/x86_64-linux-gnu/ivl/vhdl_sys.vpi";
:vpi_module "/usr/lib/x86_64-linux-gnu/ivl/vhdl_textio.vpi";
:vpi_module "/usr/lib/x86_64-linux-gnu/ivl/v2005_math.vpi";
:vpi_module "/usr/lib/x86_64-linux-gnu/ivl/va_math.vpi";
S_0x596185087da0 .scope module, "counter_tb" "counter_tb" 2 1;
 .timescale 0 0;
v0x59618509d570_0 .var "clk", 0 0;
v0x59618509d630_0 .var "rst", 0 0;
v0x59618509d700_0 .var "x", 0 0;
v0x59618509d800_0 .net "y", 0 0, v0x59618509d430_0;  1 drivers
S_0x596185087f30 .scope module, "DUT" "counter" 2 5, 3 1 0, S_0x596185087da0;
 .timescale 0 0;
    .port_info 0 /INPUT 1 "clk";
    .port_info 1 /INPUT 1 "rst";
    .port_info 2 /INPUT 1 "x";
    .port_info 3 /OUTPUT 1 "y";
P_0x596185073400 .param/l "S0" 0 3 7, C4<00>;
P_0x596185073440 .param/l "S1" 0 3 7, C4<01>;
P_0x596185073480 .param/l "S2" 0 3 7, C4<10>;
P_0x5961850734c0 .param/l "S3" 0 3 7, C4<11>;
v0x59618504b540_0 .net "clk", 0 0, v0x59618509d570_0;  1 drivers
v0x59618509d090_0 .var "next_state", 1 0;
v0x59618509d170_0 .net "rst", 0 0, v0x59618509d630_0;  1 drivers
v0x59618509d240_0 .var "state", 1 0;
v0x59618509d320_0 .net "x", 0 0, v0x59618509d700_0;  1 drivers
v0x59618509d430_0 .var "y", 0 0;
E_0x59618504bb60 .event anyedge, v0x59618509d240_0;
E_0x596185084530 .event anyedge, v0x59618509d320_0, v0x59618509d240_0;
E_0x59618504bdc0/0 .event negedge, v0x59618509d170_0;
E_0x59618504bdc0/1 .event posedge, v0x59618504b540_0;
E_0x59618504bdc0 .event/or E_0x59618504bdc0/0, E_0x59618504bdc0/1;
    .scope S_0x596185087f30;
T_0 ;
    %wait E_0x59618504bdc0;
    %load/vec4 v0x59618509d170_0;
    %nor/r;
    %flag_set/vec4 8;
    %jmp/0xz  T_0.0, 8;
    %pushi/vec4 0, 0, 2;
    %assign/vec4 v0x59618509d240_0, 0;
    %jmp T_0.1;
T_0.0 ;
    %load/vec4 v0x59618509d090_0;
    %assign/vec4 v0x59618509d240_0, 0;
T_0.1 ;
    %jmp T_0;
    .thread T_0;
    .scope S_0x596185087f30;
T_1 ;
    %wait E_0x596185084530;
    %load/vec4 v0x59618509d240_0;
    %dup/vec4;
    %pushi/vec4 0, 0, 2;
    %cmp/u;
    %jmp/1 T_1.0, 6;
    %dup/vec4;
    %pushi/vec4 1, 0, 2;
    %cmp/u;
    %jmp/1 T_1.1, 6;
    %dup/vec4;
    %pushi/vec4 2, 0, 2;
    %cmp/u;
    %jmp/1 T_1.2, 6;
    %dup/vec4;
    %pushi/vec4 3, 0, 2;
    %cmp/u;
    %jmp/1 T_1.3, 6;
    %jmp T_1.4;
T_1.0 ;
    %load/vec4 v0x59618509d320_0;
    %flag_set/vec4 8;
    %jmp/0xz  T_1.5, 8;
    %pushi/vec4 1, 0, 2;
    %assign/vec4 v0x59618509d090_0, 0;
    %jmp T_1.6;
T_1.5 ;
    %pushi/vec4 0, 0, 2;
    %assign/vec4 v0x59618509d090_0, 0;
T_1.6 ;
    %jmp T_1.4;
T_1.1 ;
    %load/vec4 v0x59618509d320_0;
    %flag_set/vec4 8;
    %jmp/0xz  T_1.7, 8;
    %pushi/vec4 2, 0, 2;
    %assign/vec4 v0x59618509d090_0, 0;
    %jmp T_1.8;
T_1.7 ;
    %pushi/vec4 1, 0, 2;
    %assign/vec4 v0x59618509d090_0, 0;
T_1.8 ;
    %jmp T_1.4;
T_1.2 ;
    %load/vec4 v0x59618509d320_0;
    %flag_set/vec4 8;
    %jmp/0xz  T_1.9, 8;
    %pushi/vec4 3, 0, 2;
    %assign/vec4 v0x59618509d090_0, 0;
    %jmp T_1.10;
T_1.9 ;
    %pushi/vec4 2, 0, 2;
    %assign/vec4 v0x59618509d090_0, 0;
T_1.10 ;
    %jmp T_1.4;
T_1.3 ;
    %load/vec4 v0x59618509d320_0;
    %flag_set/vec4 8;
    %jmp/0xz  T_1.11, 8;
    %pushi/vec4 0, 0, 2;
    %assign/vec4 v0x59618509d090_0, 0;
    %jmp T_1.12;
T_1.11 ;
    %pushi/vec4 0, 0, 2;
    %assign/vec4 v0x59618509d090_0, 0;
T_1.12 ;
    %jmp T_1.4;
T_1.4 ;
    %pop/vec4 1;
    %jmp T_1;
    .thread T_1, $push;
    .scope S_0x596185087f30;
T_2 ;
    %wait E_0x59618504bb60;
    %load/vec4 v0x59618509d240_0;
    %cmpi/e 3, 0, 2;
    %jmp/0xz  T_2.0, 4;
    %pushi/vec4 1, 0, 1;
    %store/vec4 v0x59618509d430_0, 0, 1;
    %jmp T_2.1;
T_2.0 ;
    %pushi/vec4 0, 0, 1;
    %store/vec4 v0x59618509d430_0, 0, 1;
T_2.1 ;
    %jmp T_2;
    .thread T_2, $push;
    .scope S_0x596185087da0;
T_3 ;
    %delay 80, 0;
    %vpi_call 2 7 "$finish" {0 0 0};
    %end;
    .thread T_3;
    .scope S_0x596185087da0;
T_4 ;
    %pushi/vec4 0, 0, 1;
    %store/vec4 v0x59618509d570_0, 0, 1;
T_4.0 ;
    %delay 5, 0;
    %load/vec4 v0x59618509d570_0;
    %inv;
    %store/vec4 v0x59618509d570_0, 0, 1;
    %jmp T_4.0;
    %end;
    .thread T_4;
    .scope S_0x596185087da0;
T_5 ;
    %fork t_1, S_0x596185087da0;
    %fork t_2, S_0x596185087da0;
    %fork t_3, S_0x596185087da0;
    %fork t_4, S_0x596185087da0;
    %fork t_5, S_0x596185087da0;
    %fork t_6, S_0x596185087da0;
    %fork t_7, S_0x596185087da0;
    %join;
    %join;
    %join;
    %join;
    %join;
    %join;
    %join;
    %jmp t_0;
t_1 ;
    %pushi/vec4 0, 0, 1;
    %store/vec4 v0x59618509d630_0, 0, 1;
    %end;
t_2 ;
    %delay 2, 0;
    %pushi/vec4 1, 0, 1;
    %store/vec4 v0x59618509d630_0, 0, 1;
    %end;
t_3 ;
    %delay 3, 0;
    %pushi/vec4 1, 0, 1;
    %store/vec4 v0x59618509d700_0, 0, 1;
    %end;
t_4 ;
    %delay 7, 0;
    %pushi/vec4 0, 0, 1;
    %store/vec4 v0x59618509d700_0, 0, 1;
    %end;
t_5 ;
    %delay 20, 0;
    %pushi/vec4 1, 0, 1;
    %store/vec4 v0x59618509d700_0, 0, 1;
    %end;
t_6 ;
    %delay 29, 0;
    %pushi/vec4 0, 0, 1;
    %store/vec4 v0x59618509d700_0, 0, 1;
    %end;
t_7 ;
    %delay 35, 0;
    %pushi/vec4 1, 0, 1;
    %store/vec4 v0x59618509d700_0, 0, 1;
    %end;
    .scope S_0x596185087da0;
t_0 ;
    %end;
    .thread T_5;
    .scope S_0x596185087da0;
T_6 ;
    %vpi_call 2 23 "$dumpfile", "counter_sim.vcd" {0 0 0};
    %vpi_call 2 24 "$dumpvars", 32'sb00000000000000000000000000000000, S_0x596185087da0 {0 0 0};
    %vpi_call 2 25 "$dumpvars", 32'sb00000000000000000000000000000001, S_0x596185087f30 {0 0 0};
    %end;
    .thread T_6;
# The file index is used to find the file name in the following table.
:file_names 4;
    "N/A";
    "<interactive>";
    "tb/moore_counter_tb.v";
    "rtl/moore_counter.v";
