#! /usr/bin/vvp
:ivl_version "12.0 (stable)";
:ivl_delay_selection "TYPICAL";
:vpi_time_precision + 0;
:vpi_module "/usr/lib/x86_64-linux-gnu/ivl/system.vpi";
:vpi_module "/usr/lib/x86_64-linux-gnu/ivl/vhdl_sys.vpi";
:vpi_module "/usr/lib/x86_64-linux-gnu/ivl/vhdl_textio.vpi";
:vpi_module "/usr/lib/x86_64-linux-gnu/ivl/v2005_math.vpi";
:vpi_module "/usr/lib/x86_64-linux-gnu/ivl/va_math.vpi";
S_0x5856106e9ae0 .scope module, "jk_counter_tb" "jk_counter_tb" 2 1;
 .timescale 0 0;
v0x585610701e60_0 .net "a", 0 0, v0x585610700b90_0;  1 drivers
v0x585610701f50_0 .net "b", 0 0, v0x585610701360_0;  1 drivers
v0x585610702040_0 .var "clk", 0 0;
v0x5856107020e0_0 .var "rst", 0 0;
S_0x5856106e9c70 .scope module, "DUT" "jk_counter" 2 5, 3 1 0, S_0x5856106e9ae0;
 .timescale 0 0;
    .port_info 0 /INPUT 1 "clk";
    .port_info 1 /INPUT 1 "rst";
    .port_info 2 /OUTPUT 1 "a";
    .port_info 3 /OUTPUT 1 "b";
L_0x585610702220 .functor BUFZ 1, v0x585610701360_0, C4<0>, C4<0>, C4<0>;
L_0x5856107022e0 .functor BUFZ 1, v0x585610701360_0, C4<0>, C4<0>, C4<0>;
v0x585610701670_0 .net "a", 0 0, v0x585610700b90_0;  alias, 1 drivers
v0x585610701730_0 .net "a_bar", 0 0, v0x585610700c50_0;  1 drivers
v0x5856107017d0_0 .net "b", 0 0, v0x585610701360_0;  alias, 1 drivers
v0x5856107018d0_0 .net "b_bar", 0 0, v0x585610701420_0;  1 drivers
v0x5856107019a0_0 .net "clk", 0 0, v0x585610702040_0;  1 drivers
v0x585610701ae0_0 .net "ja", 0 0, L_0x585610702220;  1 drivers
L_0x7c80b53b7018 .functor BUFT 1, C4<1>, C4<0>, C4<0>, C4<0>;
v0x585610701b80_0 .net "jb", 0 0, L_0x7c80b53b7018;  1 drivers
v0x585610701c20_0 .net "ka", 0 0, L_0x5856107022e0;  1 drivers
L_0x7c80b53b7060 .functor BUFT 1, C4<1>, C4<0>, C4<0>, C4<0>;
v0x585610701cf0_0 .net "kb", 0 0, L_0x7c80b53b7060;  1 drivers
v0x585610701dc0_0 .net "rst", 0 0, v0x5856107020e0_0;  1 drivers
S_0x5856106e7170 .scope module, "ff1" "jk_ff" 3 10, 4 1 0, S_0x5856106e9c70;
 .timescale 0 0;
    .port_info 0 /INPUT 1 "j";
    .port_info 1 /INPUT 1 "k";
    .port_info 2 /INPUT 1 "clk";
    .port_info 3 /INPUT 1 "rst";
    .port_info 4 /OUTPUT 1 "q";
    .port_info 5 /OUTPUT 1 "qbar";
v0x5856106e7350_0 .net "clk", 0 0, v0x585610702040_0;  alias, 1 drivers
v0x585610700a30_0 .net "j", 0 0, L_0x585610702220;  alias, 1 drivers
v0x585610700af0_0 .net "k", 0 0, L_0x5856107022e0;  alias, 1 drivers
v0x585610700b90_0 .var "q", 0 0;
v0x585610700c50_0 .var "qbar", 0 0;
v0x585610700d60_0 .net "rst", 0 0, v0x5856107020e0_0;  alias, 1 drivers
E_0x5856106e5a80 .event posedge, v0x5856106e7350_0;
S_0x585610700ee0 .scope module, "ff2" "jk_ff" 3 11, 4 1 0, S_0x5856106e9c70;
 .timescale 0 0;
    .port_info 0 /INPUT 1 "j";
    .port_info 1 /INPUT 1 "k";
    .port_info 2 /INPUT 1 "clk";
    .port_info 3 /INPUT 1 "rst";
    .port_info 4 /OUTPUT 1 "q";
    .port_info 5 /OUTPUT 1 "qbar";
v0x585610701180_0 .net "clk", 0 0, v0x585610702040_0;  alias, 1 drivers
v0x585610701220_0 .net "j", 0 0, L_0x7c80b53b7018;  alias, 1 drivers
v0x5856107012c0_0 .net "k", 0 0, L_0x7c80b53b7060;  alias, 1 drivers
v0x585610701360_0 .var "q", 0 0;
v0x585610701420_0 .var "qbar", 0 0;
v0x585610701530_0 .net "rst", 0 0, v0x5856107020e0_0;  alias, 1 drivers
    .scope S_0x5856106e7170;
T_0 ;
    %wait E_0x5856106e5a80;
    %load/vec4 v0x585610700d60_0;
    %flag_set/vec4 8;
    %jmp/0xz  T_0.0, 8;
    %pushi/vec4 0, 0, 1;
    %assign/vec4 v0x585610700b90_0, 0;
    %load/vec4 v0x585610700b90_0;
    %inv;
    %assign/vec4 v0x585610700c50_0, 0;
    %jmp T_0.1;
T_0.0 ;
    %load/vec4 v0x585610700a30_0;
    %load/vec4 v0x585610700b90_0;
    %inv;
    %and;
    %load/vec4 v0x585610700af0_0;
    %inv;
    %load/vec4 v0x585610700b90_0;
    %and;
    %or;
    %assign/vec4 v0x585610700b90_0, 0;
    %load/vec4 v0x585610700b90_0;
    %inv;
    %assign/vec4 v0x585610700c50_0, 0;
T_0.1 ;
    %jmp T_0;
    .thread T_0;
    .scope S_0x585610700ee0;
T_1 ;
    %wait E_0x5856106e5a80;
    %load/vec4 v0x585610701530_0;
    %flag_set/vec4 8;
    %jmp/0xz  T_1.0, 8;
    %pushi/vec4 0, 0, 1;
    %assign/vec4 v0x585610701360_0, 0;
    %load/vec4 v0x585610701360_0;
    %inv;
    %assign/vec4 v0x585610701420_0, 0;
    %jmp T_1.1;
T_1.0 ;
    %load/vec4 v0x585610701220_0;
    %load/vec4 v0x585610701360_0;
    %inv;
    %and;
    %load/vec4 v0x5856107012c0_0;
    %inv;
    %load/vec4 v0x585610701360_0;
    %and;
    %or;
    %assign/vec4 v0x585610701360_0, 0;
    %load/vec4 v0x585610701360_0;
    %inv;
    %assign/vec4 v0x585610701420_0, 0;
T_1.1 ;
    %jmp T_1;
    .thread T_1;
    .scope S_0x5856106e9ae0;
T_2 ;
    %delay 50, 0;
    %vpi_call 2 7 "$finish" {0 0 0};
    %end;
    .thread T_2;
    .scope S_0x5856106e9ae0;
T_3 ;
    %pushi/vec4 0, 0, 1;
    %store/vec4 v0x585610702040_0, 0, 1;
T_3.0 ;
    %delay 5, 0;
    %load/vec4 v0x585610702040_0;
    %inv;
    %store/vec4 v0x585610702040_0, 0, 1;
    %jmp T_3.0;
    %end;
    .thread T_3;
    .scope S_0x5856106e9ae0;
T_4 ;
    %vpi_call 2 15 "$monitor", "T=%0t | clk=%b | a=%b | b=%b", $time, v0x585610702040_0, v0x585610701e60_0, v0x585610701f50_0 {0 0 0};
    %pushi/vec4 1, 0, 1;
    %store/vec4 v0x5856107020e0_0, 0, 1;
    %delay 10, 0;
    %pushi/vec4 0, 0, 1;
    %store/vec4 v0x5856107020e0_0, 0, 1;
    %vpi_call 2 20 "$dumpfile", "jk_counter_sim.vcd" {0 0 0};
    %vpi_call 2 21 "$dumpvars", 32'sb00000000000000000000000000000000, S_0x5856106e9ae0 {0 0 0};
    %end;
    .thread T_4;
# The file index is used to find the file name in the following table.
:file_names 5;
    "N/A";
    "<interactive>";
    "tb/JK_Counter_tb.v";
    "rtl/JK_Counter.v";
    "rtl/JK_flip.v";
