#! /usr/bin/vvp
:ivl_version "12.0 (stable)";
:ivl_delay_selection "TYPICAL";
:vpi_time_precision + 0;
:vpi_module "/usr/lib/x86_64-linux-gnu/ivl/system.vpi";
:vpi_module "/usr/lib/x86_64-linux-gnu/ivl/vhdl_sys.vpi";
:vpi_module "/usr/lib/x86_64-linux-gnu/ivl/vhdl_textio.vpi";
:vpi_module "/usr/lib/x86_64-linux-gnu/ivl/v2005_math.vpi";
:vpi_module "/usr/lib/x86_64-linux-gnu/ivl/va_math.vpi";
S_0x560fb4886800 .scope module, "pwd_unlock_tb" "pwd_unlock_tb" 2 1;
 .timescale 0 0;
v0x560fb489dbb0_0 .var "clk", 0 0;
v0x560fb489dc70_0 .var "key", 1 0;
v0x560fb489dd40_0 .var "rst", 0 0;
v0x560fb489de40_0 .net "unlock", 0 0, L_0x560fb48ae3e0;  1 drivers
S_0x560fb4886990 .scope module, "DUT" "pwd_unlock" 2 6, 3 1 0, S_0x560fb4886800;
 .timescale 0 0;
    .port_info 0 /INPUT 1 "clk";
    .port_info 1 /INPUT 1 "rst";
    .port_info 2 /INPUT 2 "key";
    .port_info 3 /OUTPUT 1 "unlock";
P_0x560fb4873b20 .param/l "K1" 0 3 8, C4<10>;
P_0x560fb4873b60 .param/l "K2" 0 3 9, C4<01>;
P_0x560fb4873ba0 .param/l "K3" 0 3 10, C4<10>;
P_0x560fb4873be0 .param/l "K4" 0 3 11, C4<11>;
v0x560fb484a490_0 .net *"_ivl_0", 31 0, L_0x560fb489df10;  1 drivers
L_0x7cd0dee400f0 .functor BUFT 1, C4<00>, C4<0>, C4<0>, C4<0>;
v0x560fb489d1b0_0 .net/2s *"_ivl_10", 1 0, L_0x7cd0dee400f0;  1 drivers
v0x560fb489d290_0 .net *"_ivl_12", 1 0, L_0x560fb48ae220;  1 drivers
L_0x7cd0dee40018 .functor BUFT 1, C4<00000000000000000000000000000>, C4<0>, C4<0>, C4<0>;
v0x560fb489d380_0 .net *"_ivl_3", 28 0, L_0x7cd0dee40018;  1 drivers
L_0x7cd0dee40060 .functor BUFT 1, C4<00000000000000000000000000000100>, C4<0>, C4<0>, C4<0>;
v0x560fb489d460_0 .net/2u *"_ivl_4", 31 0, L_0x7cd0dee40060;  1 drivers
v0x560fb489d590_0 .net *"_ivl_6", 0 0, L_0x560fb48ae080;  1 drivers
L_0x7cd0dee400a8 .functor BUFT 1, C4<01>, C4<0>, C4<0>, C4<0>;
v0x560fb489d650_0 .net/2s *"_ivl_8", 1 0, L_0x7cd0dee400a8;  1 drivers
v0x560fb489d730_0 .net "clk", 0 0, v0x560fb489dbb0_0;  1 drivers
v0x560fb489d7f0_0 .var "counter", 2 0;
v0x560fb489d8d0_0 .net "key", 1 0, v0x560fb489dc70_0;  1 drivers
v0x560fb489d9b0_0 .net "rst", 0 0, v0x560fb489dd40_0;  1 drivers
v0x560fb489da70_0 .net "unlock", 0 0, L_0x560fb48ae3e0;  alias, 1 drivers
E_0x560fb4883690/0 .event negedge, v0x560fb489d9b0_0;
E_0x560fb4883690/1 .event posedge, v0x560fb489d730_0;
E_0x560fb4883690 .event/or E_0x560fb4883690/0, E_0x560fb4883690/1;
L_0x560fb489df10 .concat [ 3 29 0 0], v0x560fb489d7f0_0, L_0x7cd0dee40018;
L_0x560fb48ae080 .cmp/eq 32, L_0x560fb489df10, L_0x7cd0dee40060;
L_0x560fb48ae220 .functor MUXZ 2, L_0x7cd0dee400f0, L_0x7cd0dee400a8, L_0x560fb48ae080, C4<>;
L_0x560fb48ae3e0 .part L_0x560fb48ae220, 0, 1;
    .scope S_0x560fb4886990;
T_0 ;
    %wait E_0x560fb4883690;
    %load/vec4 v0x560fb489d9b0_0;
    %nor/r;
    %flag_set/vec4 8;
    %jmp/0xz  T_0.0, 8;
    %pushi/vec4 0, 0, 3;
    %assign/vec4 v0x560fb489d7f0_0, 0;
    %jmp T_0.1;
T_0.0 ;
    %load/vec4 v0x560fb489d7f0_0;
    %dup/vec4;
    %pushi/vec4 0, 0, 3;
    %cmp/u;
    %jmp/1 T_0.2, 6;
    %dup/vec4;
    %pushi/vec4 1, 0, 3;
    %cmp/u;
    %jmp/1 T_0.3, 6;
    %dup/vec4;
    %pushi/vec4 2, 0, 3;
    %cmp/u;
    %jmp/1 T_0.4, 6;
    %dup/vec4;
    %pushi/vec4 3, 0, 3;
    %cmp/u;
    %jmp/1 T_0.5, 6;
    %jmp T_0.6;
T_0.2 ;
    %load/vec4 v0x560fb489d8d0_0;
    %cmpi/e 2, 0, 2;
    %jmp/0xz  T_0.7, 4;
    %pushi/vec4 1, 0, 3;
    %assign/vec4 v0x560fb489d7f0_0, 0;
    %jmp T_0.8;
T_0.7 ;
    %pushi/vec4 0, 0, 3;
    %assign/vec4 v0x560fb489d7f0_0, 0;
T_0.8 ;
    %jmp T_0.6;
T_0.3 ;
    %load/vec4 v0x560fb489d8d0_0;
    %cmpi/e 1, 0, 2;
    %jmp/0xz  T_0.9, 4;
    %pushi/vec4 2, 0, 3;
    %assign/vec4 v0x560fb489d7f0_0, 0;
    %jmp T_0.10;
T_0.9 ;
    %pushi/vec4 0, 0, 3;
    %assign/vec4 v0x560fb489d7f0_0, 0;
T_0.10 ;
    %jmp T_0.6;
T_0.4 ;
    %load/vec4 v0x560fb489d8d0_0;
    %cmpi/e 2, 0, 2;
    %jmp/0xz  T_0.11, 4;
    %pushi/vec4 3, 0, 3;
    %assign/vec4 v0x560fb489d7f0_0, 0;
    %jmp T_0.12;
T_0.11 ;
    %pushi/vec4 0, 0, 3;
    %assign/vec4 v0x560fb489d7f0_0, 0;
T_0.12 ;
    %jmp T_0.6;
T_0.5 ;
    %load/vec4 v0x560fb489d8d0_0;
    %cmpi/e 3, 0, 2;
    %jmp/0xz  T_0.13, 4;
    %pushi/vec4 4, 0, 3;
    %assign/vec4 v0x560fb489d7f0_0, 0;
    %jmp T_0.14;
T_0.13 ;
    %pushi/vec4 0, 0, 3;
    %assign/vec4 v0x560fb489d7f0_0, 0;
T_0.14 ;
    %jmp T_0.6;
T_0.6 ;
    %pop/vec4 1;
T_0.1 ;
    %jmp T_0;
    .thread T_0;
    .scope S_0x560fb4886800;
T_1 ;
    %delay 200, 0;
    %vpi_call 2 8 "$finish" {0 0 0};
    %end;
    .thread T_1;
    .scope S_0x560fb4886800;
T_2 ;
    %pushi/vec4 0, 0, 1;
    %store/vec4 v0x560fb489dbb0_0, 0, 1;
T_2.0 ;
    %delay 5, 0;
    %load/vec4 v0x560fb489dbb0_0;
    %inv;
    %store/vec4 v0x560fb489dbb0_0, 0, 1;
    %jmp T_2.0;
    %end;
    .thread T_2;
    .scope S_0x560fb4886800;
T_3 ;
    %fork t_1, S_0x560fb4886800;
    %fork t_2, S_0x560fb4886800;
    %fork t_3, S_0x560fb4886800;
    %fork t_4, S_0x560fb4886800;
    %fork t_5, S_0x560fb4886800;
    %fork t_6, S_0x560fb4886800;
    %fork t_7, S_0x560fb4886800;
    %join;
    %join;
    %join;
    %join;
    %join;
    %join;
    %join;
    %jmp t_0;
t_1 ;
    %pushi/vec4 0, 0, 1;
    %store/vec4 v0x560fb489dd40_0, 0, 1;
    %end;
t_2 ;
    %pushi/vec4 0, 0, 2;
    %store/vec4 v0x560fb489dc70_0, 0, 2;
    %end;
t_3 ;
    %delay 2, 0;
    %pushi/vec4 1, 0, 1;
    %store/vec4 v0x560fb489dd40_0, 0, 1;
    %end;
t_4 ;
    %delay 12, 0;
    %pushi/vec4 2, 0, 2;
    %store/vec4 v0x560fb489dc70_0, 0, 2;
    %end;
t_5 ;
    %delay 22, 0;
    %pushi/vec4 1, 0, 2;
    %store/vec4 v0x560fb489dc70_0, 0, 2;
    %end;
t_6 ;
    %delay 32, 0;
    %pushi/vec4 2, 0, 2;
    %store/vec4 v0x560fb489dc70_0, 0, 2;
    %end;
t_7 ;
    %delay 42, 0;
    %pushi/vec4 3, 0, 2;
    %store/vec4 v0x560fb489dc70_0, 0, 2;
    %end;
    .scope S_0x560fb4886800;
t_0 ;
    %end;
    .thread T_3;
    .scope S_0x560fb4886800;
T_4 ;
    %vpi_call 2 26 "$dumpfile", "pwd_sim.vcd" {0 0 0};
    %vpi_call 2 27 "$dumpvars", 32'sb00000000000000000000000000000000, S_0x560fb4886800 {0 0 0};
    %vpi_call 2 28 "$dumpvars", 32'sb00000000000000000000000000000000, S_0x560fb4886990 {0 0 0};
    %end;
    .thread T_4;
# The file index is used to find the file name in the following table.
:file_names 4;
    "N/A";
    "<interactive>";
    "tb/pwdProtect_tb.v";
    "rtl/pwdProtect.v";
