#! /usr/bin/vvp
:ivl_version "12.0 (stable)";
:ivl_delay_selection "TYPICAL";
:vpi_time_precision + 0;
:vpi_module "/usr/lib/x86_64-linux-gnu/ivl/system.vpi";
:vpi_module "/usr/lib/x86_64-linux-gnu/ivl/vhdl_sys.vpi";
:vpi_module "/usr/lib/x86_64-linux-gnu/ivl/vhdl_textio.vpi";
:vpi_module "/usr/lib/x86_64-linux-gnu/ivl/v2005_math.vpi";
:vpi_module "/usr/lib/x86_64-linux-gnu/ivl/va_math.vpi";
S_0x62603f52b1f0 .scope module, "mealy_mac_tb" "mealy_mac_tb" 2 1;
 .timescale 0 0;
v0x62603f542160_0 .var "clk", 0 0;
v0x62603f542220_0 .var "rst", 0 0;
v0x62603f5422f0_0 .var "x", 0 0;
v0x62603f5423f0_0 .net "y", 0 0, v0x62603f542020_0;  1 drivers
S_0x62603f52b380 .scope module, "DUT" "mealy_mac" 2 5, 3 1 0, S_0x62603f52b1f0;
 .timescale 0 0;
    .port_info 0 /INPUT 1 "clk";
    .port_info 1 /INPUT 1 "rst";
    .port_info 2 /INPUT 1 "x";
    .port_info 3 /OUTPUT 1 "y";
P_0x62603f5168f0 .param/l "S0" 0 3 6, C4<00>;
P_0x62603f516930 .param/l "S1" 0 3 6, C4<01>;
P_0x62603f516970 .param/l "S2" 0 3 6, C4<10>;
P_0x62603f5169b0 .param/l "S3" 0 3 6, C4<11>;
v0x62603f5158a0_0 .net "clk", 0 0, v0x62603f542160_0;  1 drivers
v0x62603f5159d0_0 .var "next_state", 1 0;
v0x62603f541d90_0 .net "rst", 0 0, v0x62603f542220_0;  1 drivers
v0x62603f541e30_0 .var "state", 1 0;
v0x62603f541f10_0 .net "x", 0 0, v0x62603f5422f0_0;  1 drivers
v0x62603f542020_0 .var "y", 0 0;
E_0x62603f527af0 .event anyedge, v0x62603f541f10_0, v0x62603f541e30_0;
E_0x62603f4eedc0/0 .event negedge, v0x62603f541d90_0;
E_0x62603f4eedc0/1 .event posedge, v0x62603f5158a0_0;
E_0x62603f4eedc0 .event/or E_0x62603f4eedc0/0, E_0x62603f4eedc0/1;
    .scope S_0x62603f52b380;
T_0 ;
    %wait E_0x62603f4eedc0;
    %load/vec4 v0x62603f541d90_0;
    %nor/r;
    %flag_set/vec4 8;
    %jmp/0xz  T_0.0, 8;
    %pushi/vec4 0, 0, 2;
    %assign/vec4 v0x62603f541e30_0, 0;
    %jmp T_0.1;
T_0.0 ;
    %load/vec4 v0x62603f5159d0_0;
    %assign/vec4 v0x62603f541e30_0, 0;
T_0.1 ;
    %jmp T_0;
    .thread T_0;
    .scope S_0x62603f52b380;
T_1 ;
    %wait E_0x62603f527af0;
    %load/vec4 v0x62603f541e30_0;
    %dup/vec4;
    %pushi/vec4 0, 0, 2;
    %cmp/u;
    %jmp/1 T_1.0, 6;
    %dup/vec4;
    %pushi/vec4 1, 0, 2;
    %cmp/u;
    %jmp/1 T_1.1, 6;
    %dup/vec4;
    %pushi/vec4 2, 0, 2;
    %cmp/u;
    %jmp/1 T_1.2, 6;
    %dup/vec4;
    %pushi/vec4 3, 0, 2;
    %cmp/u;
    %jmp/1 T_1.3, 6;
    %jmp T_1.4;
T_1.0 ;
    %load/vec4 v0x62603f541f10_0;
    %flag_set/vec4 8;
    %jmp/0xz  T_1.5, 8;
    %pushi/vec4 1, 0, 2;
    %assign/vec4 v0x62603f5159d0_0, 0;
    %jmp T_1.6;
T_1.5 ;
    %pushi/vec4 0, 0, 2;
    %assign/vec4 v0x62603f5159d0_0, 0;
T_1.6 ;
    %jmp T_1.4;
T_1.1 ;
    %load/vec4 v0x62603f541f10_0;
    %flag_set/vec4 8;
    %jmp/0xz  T_1.7, 8;
    %pushi/vec4 3, 0, 2;
    %assign/vec4 v0x62603f5159d0_0, 0;
    %jmp T_1.8;
T_1.7 ;
    %pushi/vec4 0, 0, 2;
    %assign/vec4 v0x62603f5159d0_0, 0;
T_1.8 ;
    %jmp T_1.4;
T_1.2 ;
    %load/vec4 v0x62603f541f10_0;
    %nor/r;
    %flag_set/vec4 8;
    %jmp/0xz  T_1.9, 8;
    %pushi/vec4 0, 0, 2;
    %assign/vec4 v0x62603f5159d0_0, 0;
    %jmp T_1.10;
T_1.9 ;
    %pushi/vec4 2, 0, 2;
    %assign/vec4 v0x62603f5159d0_0, 0;
T_1.10 ;
    %jmp T_1.4;
T_1.3 ;
    %load/vec4 v0x62603f541f10_0;
    %flag_set/vec4 8;
    %jmp/0xz  T_1.11, 8;
    %pushi/vec4 2, 0, 2;
    %assign/vec4 v0x62603f5159d0_0, 0;
    %jmp T_1.12;
T_1.11 ;
    %pushi/vec4 0, 0, 2;
    %assign/vec4 v0x62603f5159d0_0, 0;
T_1.12 ;
    %jmp T_1.4;
T_1.4 ;
    %pop/vec4 1;
    %jmp T_1;
    .thread T_1, $push;
    .scope S_0x62603f52b380;
T_2 ;
    %wait E_0x62603f527af0;
    %load/vec4 v0x62603f541e30_0;
    %dup/vec4;
    %pushi/vec4 0, 0, 2;
    %cmp/u;
    %jmp/1 T_2.0, 6;
    %dup/vec4;
    %pushi/vec4 1, 0, 2;
    %cmp/u;
    %jmp/1 T_2.1, 6;
    %dup/vec4;
    %pushi/vec4 2, 0, 2;
    %cmp/u;
    %jmp/1 T_2.2, 6;
    %dup/vec4;
    %pushi/vec4 3, 0, 2;
    %cmp/u;
    %jmp/1 T_2.3, 6;
    %jmp T_2.4;
T_2.0 ;
    %pushi/vec4 0, 0, 1;
    %assign/vec4 v0x62603f542020_0, 0;
    %jmp T_2.4;
T_2.1 ;
    %load/vec4 v0x62603f541f10_0;
    %nor/r;
    %assign/vec4 v0x62603f542020_0, 0;
    %jmp T_2.4;
T_2.2 ;
    %load/vec4 v0x62603f541f10_0;
    %nor/r;
    %assign/vec4 v0x62603f542020_0, 0;
    %jmp T_2.4;
T_2.3 ;
    %load/vec4 v0x62603f541f10_0;
    %nor/r;
    %assign/vec4 v0x62603f542020_0, 0;
    %jmp T_2.4;
T_2.4 ;
    %pop/vec4 1;
    %jmp T_2;
    .thread T_2, $push;
    .scope S_0x62603f52b1f0;
T_3 ;
    %delay 200, 0;
    %vpi_call 2 7 "$finish" {0 0 0};
    %end;
    .thread T_3;
    .scope S_0x62603f52b1f0;
T_4 ;
    %pushi/vec4 0, 0, 1;
    %store/vec4 v0x62603f542160_0, 0, 1;
T_4.0 ;
    %delay 5, 0;
    %load/vec4 v0x62603f542160_0;
    %inv;
    %store/vec4 v0x62603f542160_0, 0, 1;
    %jmp T_4.0;
    %end;
    .thread T_4;
    .scope S_0x62603f52b1f0;
T_5 ;
    %fork t_1, S_0x62603f52b1f0;
    %fork t_2, S_0x62603f52b1f0;
    %fork t_3, S_0x62603f52b1f0;
    %fork t_4, S_0x62603f52b1f0;
    %fork t_5, S_0x62603f52b1f0;
    %fork t_6, S_0x62603f52b1f0;
    %fork t_7, S_0x62603f52b1f0;
    %fork t_8, S_0x62603f52b1f0;
    %fork t_9, S_0x62603f52b1f0;
    %fork t_10, S_0x62603f52b1f0;
    %fork t_11, S_0x62603f52b1f0;
    %fork t_12, S_0x62603f52b1f0;
    %fork t_13, S_0x62603f52b1f0;
    %join;
    %join;
    %join;
    %join;
    %join;
    %join;
    %join;
    %join;
    %join;
    %join;
    %join;
    %join;
    %join;
    %jmp t_0;
t_1 ;
    %pushi/vec4 0, 0, 1;
    %store/vec4 v0x62603f542220_0, 0, 1;
    %end;
t_2 ;
    %delay 2, 0;
    %pushi/vec4 1, 0, 1;
    %store/vec4 v0x62603f542220_0, 0, 1;
    %end;
t_3 ;
    %delay 87, 0;
    %pushi/vec4 0, 0, 1;
    %store/vec4 v0x62603f542220_0, 0, 1;
    %end;
t_4 ;
    %delay 89, 0;
    %pushi/vec4 1, 0, 1;
    %store/vec4 v0x62603f542220_0, 0, 1;
    %end;
t_5 ;
    %delay 10, 0;
    %pushi/vec4 1, 0, 1;
    %store/vec4 v0x62603f5422f0_0, 0, 1;
    %end;
t_6 ;
    %delay 30, 0;
    %pushi/vec4 0, 0, 1;
    %store/vec4 v0x62603f5422f0_0, 0, 1;
    %end;
t_7 ;
    %delay 40, 0;
    %pushi/vec4 1, 0, 1;
    %store/vec4 v0x62603f5422f0_0, 0, 1;
    %end;
t_8 ;
    %delay 50, 0;
    %pushi/vec4 0, 0, 1;
    %store/vec4 v0x62603f5422f0_0, 0, 1;
    %end;
t_9 ;
    %delay 52, 0;
    %pushi/vec4 1, 0, 1;
    %store/vec4 v0x62603f5422f0_0, 0, 1;
    %end;
t_10 ;
    %delay 54, 0;
    %pushi/vec4 0, 0, 1;
    %store/vec4 v0x62603f5422f0_0, 0, 1;
    %end;
t_11 ;
    %delay 80, 0;
    %pushi/vec4 1, 0, 1;
    %store/vec4 v0x62603f5422f0_0, 0, 1;
    %end;
t_12 ;
    %delay 100, 0;
    %pushi/vec4 0, 0, 1;
    %store/vec4 v0x62603f5422f0_0, 0, 1;
    %end;
t_13 ;
    %delay 120, 0;
    %pushi/vec4 1, 0, 1;
    %store/vec4 v0x62603f5422f0_0, 0, 1;
    %end;
    .scope S_0x62603f52b1f0;
t_0 ;
    %end;
    .thread T_5;
    .scope S_0x62603f52b1f0;
T_6 ;
    %vpi_call 2 29 "$dumpfile", "seq_det_sim.vcd" {0 0 0};
    %vpi_call 2 30 "$dumpvars", 32'sb00000000000000000000000000000001, S_0x62603f52b1f0 {0 0 0};
    %end;
    .thread T_6;
# The file index is used to find the file name in the following table.
:file_names 4;
    "N/A";
    "<interactive>";
    "tb/seq_det_tb.v";
    "rtl/seq_det.v";
