#! /usr/bin/vvp
:ivl_version "12.0 (stable)";
:ivl_delay_selection "TYPICAL";
:vpi_time_precision + 0;
:vpi_module "/usr/lib/x86_64-linux-gnu/ivl/system.vpi";
:vpi_module "/usr/lib/x86_64-linux-gnu/ivl/vhdl_sys.vpi";
:vpi_module "/usr/lib/x86_64-linux-gnu/ivl/vhdl_textio.vpi";
:vpi_module "/usr/lib/x86_64-linux-gnu/ivl/v2005_math.vpi";
:vpi_module "/usr/lib/x86_64-linux-gnu/ivl/va_math.vpi";
S_0x580203ee4020 .scope module, "serAdder_tb" "serAdder_tb" 2 1;
 .timescale 0 0;
v0x580203f1b740_0 .var "A", 0 0;
v0x580203f1b800_0 .var "B", 0 0;
v0x580203f1b8c0_0 .net "S", 0 0, v0x580203f1a250_0;  1 drivers
v0x580203f1b960_0 .var "clk", 0 0;
v0x580203f1ba00_0 .var "load", 0 0;
v0x580203f1baf0_0 .var "rst", 0 0;
S_0x580203ee5650 .scope module, "DUT" "serAdder" 2 5, 3 30 0, S_0x580203ee4020;
 .timescale 0 0;
    .port_info 0 /INPUT 1 "clk";
    .port_info 1 /INPUT 1 "rst";
    .port_info 2 /INPUT 1 "load";
    .port_info 3 /INPUT 1 "A";
    .port_info 4 /INPUT 1 "B";
    .port_info 5 /OUTPUT 1 "S";
L_0x580203f1c100 .functor AND 1, v0x580203f162e0_0, v0x580203f1ba00_0, C4<1>, C4<1>;
L_0x580203f1c200 .functor AND 1, v0x580203f18250_0, v0x580203f1ba00_0, C4<1>, C4<1>;
v0x580203f1ab40_0 .net "A", 0 0, v0x580203f1b740_0;  1 drivers
v0x580203f1ac50_0 .net "B", 0 0, v0x580203f1b800_0;  1 drivers
v0x580203f1ad60_0 .net "C1", 0 0, v0x580203f14a90_0;  1 drivers
v0x580203f1ae50_0 .net "C2", 0 0, L_0x580203f1bff0;  1 drivers
v0x580203f1af40_0 .net "S", 0 0, v0x580203f1a250_0;  alias, 1 drivers
v0x580203f1b080_0 .net "S1", 0 0, L_0x580203f1bc00;  1 drivers
v0x580203f1b120_0 .net "clk", 0 0, v0x580203f1b960_0;  1 drivers
v0x580203f1b1c0_0 .net "load", 0 0, v0x580203f1ba00_0;  1 drivers
v0x580203f1b260_0 .net "rst", 0 0, v0x580203f1baf0_0;  1 drivers
v0x580203f1b510_0 .net "t1", 0 0, v0x580203f162e0_0;  1 drivers
v0x580203f1b5b0_0 .net "t2", 0 0, v0x580203f18250_0;  1 drivers
S_0x580203ee5830 .scope module, "FA1" "FA" 3 40, 3 1 0, S_0x580203ee5650;
 .timescale 0 0;
    .port_info 0 /INPUT 1 "A";
    .port_info 1 /INPUT 1 "B";
    .port_info 2 /INPUT 1 "Cin";
    .port_info 3 /OUTPUT 1 "sum";
    .port_info 4 /OUTPUT 1 "Cout";
L_0x580203f1bb90 .functor XOR 1, L_0x580203f1c100, L_0x580203f1c200, C4<0>, C4<0>;
L_0x580203f1bc00 .functor XOR 1, L_0x580203f1bb90, v0x580203f14a90_0, C4<0>, C4<0>;
L_0x580203f1bc70 .functor AND 1, L_0x580203f1c100, L_0x580203f1c200, C4<1>, C4<1>;
L_0x580203f1bd80 .functor AND 1, L_0x580203f1c200, v0x580203f14a90_0, C4<1>, C4<1>;
L_0x580203f1be80 .functor OR 1, L_0x580203f1bc70, L_0x580203f1bd80, C4<0>, C4<0>;
L_0x580203f1bf40 .functor AND 1, L_0x580203f1c100, v0x580203f14a90_0, C4<1>, C4<1>;
L_0x580203f1bff0 .functor OR 1, L_0x580203f1be80, L_0x580203f1bf40, C4<0>, C4<0>;
v0x580203edf0b0_0 .net "A", 0 0, L_0x580203f1c100;  1 drivers
v0x580203edf1b0_0 .net "B", 0 0, L_0x580203f1c200;  1 drivers
v0x580203ede960_0 .net "Cin", 0 0, v0x580203f14a90_0;  alias, 1 drivers
v0x580203edea60_0 .net "Cout", 0 0, L_0x580203f1bff0;  alias, 1 drivers
v0x580203ede140_0 .net *"_ivl_0", 0 0, L_0x580203f1bb90;  1 drivers
v0x580203ede240_0 .net *"_ivl_10", 0 0, L_0x580203f1bf40;  1 drivers
v0x580203f14400_0 .net *"_ivl_4", 0 0, L_0x580203f1bc70;  1 drivers
v0x580203f144e0_0 .net *"_ivl_6", 0 0, L_0x580203f1bd80;  1 drivers
v0x580203f145c0_0 .net *"_ivl_8", 0 0, L_0x580203f1be80;  1 drivers
v0x580203f146a0_0 .net "sum", 0 0, L_0x580203f1bc00;  alias, 1 drivers
S_0x580203f14800 .scope module, "FF1" "dff" 3 41, 3 9 0, S_0x580203ee5650;
 .timescale 0 0;
    .port_info 0 /INPUT 1 "clk";
    .port_info 1 /INPUT 1 "rst";
    .port_info 2 /INPUT 1 "D";
    .port_info 3 /OUTPUT 1 "Q";
v0x580203f149d0_0 .net "D", 0 0, L_0x580203f1bff0;  alias, 1 drivers
v0x580203f14a90_0 .var "Q", 0 0;
v0x580203f14b30_0 .net "clk", 0 0, v0x580203f1b960_0;  alias, 1 drivers
v0x580203f14bd0_0 .net "rst", 0 0, v0x580203f1baf0_0;  alias, 1 drivers
E_0x580203ee33b0/0 .event negedge, v0x580203f14bd0_0;
E_0x580203ee33b0/1 .event posedge, v0x580203f14b30_0;
E_0x580203ee33b0 .event/or E_0x580203ee33b0/0, E_0x580203ee33b0/1;
S_0x580203f14d00 .scope module, "RA" "reg4" 3 36, 3 19 0, S_0x580203ee5650;
 .timescale 0 0;
    .port_info 0 /INPUT 1 "clk";
    .port_info 1 /INPUT 1 "rst";
    .port_info 2 /INPUT 1 "sIn";
    .port_info 3 /OUTPUT 1 "sOut";
v0x580203f16610_0 .net "clk", 0 0, v0x580203f1b960_0;  alias, 1 drivers
v0x580203f166d0_0 .net "rst", 0 0, v0x580203f1baf0_0;  alias, 1 drivers
v0x580203f16790_0 .net "sIn", 0 0, v0x580203f1b740_0;  alias, 1 drivers
v0x580203f16860_0 .net "sOut", 0 0, v0x580203f162e0_0;  alias, 1 drivers
v0x580203f16930_0 .net "t1", 0 0, v0x580203f15200_0;  1 drivers
v0x580203f169d0_0 .net "t2", 0 0, v0x580203f157b0_0;  1 drivers
v0x580203f16ac0_0 .net "t3", 0 0, v0x580203f15d70_0;  1 drivers
S_0x580203f14f10 .scope module, "D1" "dff" 3 24, 3 9 0, S_0x580203f14d00;
 .timescale 0 0;
    .port_info 0 /INPUT 1 "clk";
    .port_info 1 /INPUT 1 "rst";
    .port_info 2 /INPUT 1 "D";
    .port_info 3 /OUTPUT 1 "Q";
v0x580203f15120_0 .net "D", 0 0, v0x580203f1b740_0;  alias, 1 drivers
v0x580203f15200_0 .var "Q", 0 0;
v0x580203f152c0_0 .net "clk", 0 0, v0x580203f1b960_0;  alias, 1 drivers
v0x580203f153c0_0 .net "rst", 0 0, v0x580203f1baf0_0;  alias, 1 drivers
S_0x580203f154e0 .scope module, "D2" "dff" 3 25, 3 9 0, S_0x580203f14d00;
 .timescale 0 0;
    .port_info 0 /INPUT 1 "clk";
    .port_info 1 /INPUT 1 "rst";
    .port_info 2 /INPUT 1 "D";
    .port_info 3 /OUTPUT 1 "Q";
v0x580203f156e0_0 .net "D", 0 0, v0x580203f15200_0;  alias, 1 drivers
v0x580203f157b0_0 .var "Q", 0 0;
v0x580203f15850_0 .net "clk", 0 0, v0x580203f1b960_0;  alias, 1 drivers
v0x580203f15970_0 .net "rst", 0 0, v0x580203f1baf0_0;  alias, 1 drivers
S_0x580203f15ac0 .scope module, "D3" "dff" 3 26, 3 9 0, S_0x580203f14d00;
 .timescale 0 0;
    .port_info 0 /INPUT 1 "clk";
    .port_info 1 /INPUT 1 "rst";
    .port_info 2 /INPUT 1 "D";
    .port_info 3 /OUTPUT 1 "Q";
v0x580203f15ca0_0 .net "D", 0 0, v0x580203f157b0_0;  alias, 1 drivers
v0x580203f15d70_0 .var "Q", 0 0;
v0x580203f15e10_0 .net "clk", 0 0, v0x580203f1b960_0;  alias, 1 drivers
v0x580203f15ee0_0 .net "rst", 0 0, v0x580203f1baf0_0;  alias, 1 drivers
S_0x580203f16010 .scope module, "D4" "dff" 3 27, 3 9 0, S_0x580203f14d00;
 .timescale 0 0;
    .port_info 0 /INPUT 1 "clk";
    .port_info 1 /INPUT 1 "rst";
    .port_info 2 /INPUT 1 "D";
    .port_info 3 /OUTPUT 1 "Q";
v0x580203f161f0_0 .net "D", 0 0, v0x580203f15d70_0;  alias, 1 drivers
v0x580203f162e0_0 .var "Q", 0 0;
v0x580203f16380_0 .net "clk", 0 0, v0x580203f1b960_0;  alias, 1 drivers
v0x580203f16450_0 .net "rst", 0 0, v0x580203f1baf0_0;  alias, 1 drivers
S_0x580203f16bb0 .scope module, "RB" "reg4" 3 37, 3 19 0, S_0x580203ee5650;
 .timescale 0 0;
    .port_info 0 /INPUT 1 "clk";
    .port_info 1 /INPUT 1 "rst";
    .port_info 2 /INPUT 1 "sIn";
    .port_info 3 /OUTPUT 1 "sOut";
v0x580203f184f0_0 .net "clk", 0 0, v0x580203f1b960_0;  alias, 1 drivers
v0x580203f185b0_0 .net "rst", 0 0, v0x580203f1baf0_0;  alias, 1 drivers
v0x580203f18670_0 .net "sIn", 0 0, v0x580203f1b800_0;  alias, 1 drivers
v0x580203f18740_0 .net "sOut", 0 0, v0x580203f18250_0;  alias, 1 drivers
v0x580203f18810_0 .net "t1", 0 0, v0x580203f170e0_0;  1 drivers
v0x580203f18950_0 .net "t2", 0 0, v0x580203f17680_0;  1 drivers
v0x580203f18a40_0 .net "t3", 0 0, v0x580203f17c70_0;  1 drivers
S_0x580203f16d90 .scope module, "D1" "dff" 3 24, 3 9 0, S_0x580203f16bb0;
 .timescale 0 0;
    .port_info 0 /INPUT 1 "clk";
    .port_info 1 /INPUT 1 "rst";
    .port_info 2 /INPUT 1 "D";
    .port_info 3 /OUTPUT 1 "Q";
v0x580203f17000_0 .net "D", 0 0, v0x580203f1b800_0;  alias, 1 drivers
v0x580203f170e0_0 .var "Q", 0 0;
v0x580203f171a0_0 .net "clk", 0 0, v0x580203f1b960_0;  alias, 1 drivers
v0x580203f17240_0 .net "rst", 0 0, v0x580203f1baf0_0;  alias, 1 drivers
S_0x580203f17340 .scope module, "D2" "dff" 3 25, 3 9 0, S_0x580203f16bb0;
 .timescale 0 0;
    .port_info 0 /INPUT 1 "clk";
    .port_info 1 /INPUT 1 "rst";
    .port_info 2 /INPUT 1 "D";
    .port_info 3 /OUTPUT 1 "Q";
v0x580203f175b0_0 .net "D", 0 0, v0x580203f170e0_0;  alias, 1 drivers
v0x580203f17680_0 .var "Q", 0 0;
v0x580203f17720_0 .net "clk", 0 0, v0x580203f1b960_0;  alias, 1 drivers
v0x580203f177f0_0 .net "rst", 0 0, v0x580203f1baf0_0;  alias, 1 drivers
S_0x580203f17920 .scope module, "D3" "dff" 3 26, 3 9 0, S_0x580203f16bb0;
 .timescale 0 0;
    .port_info 0 /INPUT 1 "clk";
    .port_info 1 /INPUT 1 "rst";
    .port_info 2 /INPUT 1 "D";
    .port_info 3 /OUTPUT 1 "Q";
v0x580203f17ba0_0 .net "D", 0 0, v0x580203f17680_0;  alias, 1 drivers
v0x580203f17c70_0 .var "Q", 0 0;
v0x580203f17d10_0 .net "clk", 0 0, v0x580203f1b960_0;  alias, 1 drivers
v0x580203f17de0_0 .net "rst", 0 0, v0x580203f1baf0_0;  alias, 1 drivers
S_0x580203f17f10 .scope module, "D4" "dff" 3 27, 3 9 0, S_0x580203f16bb0;
 .timescale 0 0;
    .port_info 0 /INPUT 1 "clk";
    .port_info 1 /INPUT 1 "rst";
    .port_info 2 /INPUT 1 "D";
    .port_info 3 /OUTPUT 1 "Q";
v0x580203f18160_0 .net "D", 0 0, v0x580203f17c70_0;  alias, 1 drivers
v0x580203f18250_0 .var "Q", 0 0;
v0x580203f182f0_0 .net "clk", 0 0, v0x580203f1b960_0;  alias, 1 drivers
v0x580203f183c0_0 .net "rst", 0 0, v0x580203f1baf0_0;  alias, 1 drivers
S_0x580203f18b30 .scope module, "RC" "reg4" 3 43, 3 19 0, S_0x580203ee5650;
 .timescale 0 0;
    .port_info 0 /INPUT 1 "clk";
    .port_info 1 /INPUT 1 "rst";
    .port_info 2 /INPUT 1 "sIn";
    .port_info 3 /OUTPUT 1 "sOut";
v0x580203f1a4f0_0 .net "clk", 0 0, v0x580203f1b960_0;  alias, 1 drivers
v0x580203f1a5b0_0 .net "rst", 0 0, v0x580203f1baf0_0;  alias, 1 drivers
v0x580203f1a670_0 .net "sIn", 0 0, L_0x580203f1bc00;  alias, 1 drivers
v0x580203f1a760_0 .net "sOut", 0 0, v0x580203f1a250_0;  alias, 1 drivers
v0x580203f1a800_0 .net "t1", 0 0, v0x580203f19100_0;  1 drivers
v0x580203f1a940_0 .net "t2", 0 0, v0x580203f19680_0;  1 drivers
v0x580203f1aa30_0 .net "t3", 0 0, v0x580203f19c70_0;  1 drivers
S_0x580203f18dd0 .scope module, "D1" "dff" 3 24, 3 9 0, S_0x580203f18b30;
 .timescale 0 0;
    .port_info 0 /INPUT 1 "clk";
    .port_info 1 /INPUT 1 "rst";
    .port_info 2 /INPUT 1 "D";
    .port_info 3 /OUTPUT 1 "Q";
v0x580203f19040_0 .net "D", 0 0, L_0x580203f1bc00;  alias, 1 drivers
v0x580203f19100_0 .var "Q", 0 0;
v0x580203f191a0_0 .net "clk", 0 0, v0x580203f1b960_0;  alias, 1 drivers
v0x580203f19240_0 .net "rst", 0 0, v0x580203f1baf0_0;  alias, 1 drivers
S_0x580203f19340 .scope module, "D2" "dff" 3 25, 3 9 0, S_0x580203f18b30;
 .timescale 0 0;
    .port_info 0 /INPUT 1 "clk";
    .port_info 1 /INPUT 1 "rst";
    .port_info 2 /INPUT 1 "D";
    .port_info 3 /OUTPUT 1 "Q";
v0x580203f195b0_0 .net "D", 0 0, v0x580203f19100_0;  alias, 1 drivers
v0x580203f19680_0 .var "Q", 0 0;
v0x580203f19720_0 .net "clk", 0 0, v0x580203f1b960_0;  alias, 1 drivers
v0x580203f197f0_0 .net "rst", 0 0, v0x580203f1baf0_0;  alias, 1 drivers
S_0x580203f19920 .scope module, "D3" "dff" 3 26, 3 9 0, S_0x580203f18b30;
 .timescale 0 0;
    .port_info 0 /INPUT 1 "clk";
    .port_info 1 /INPUT 1 "rst";
    .port_info 2 /INPUT 1 "D";
    .port_info 3 /OUTPUT 1 "Q";
v0x580203f19ba0_0 .net "D", 0 0, v0x580203f19680_0;  alias, 1 drivers
v0x580203f19c70_0 .var "Q", 0 0;
v0x580203f19d10_0 .net "clk", 0 0, v0x580203f1b960_0;  alias, 1 drivers
v0x580203f19de0_0 .net "rst", 0 0, v0x580203f1baf0_0;  alias, 1 drivers
S_0x580203f19f10 .scope module, "D4" "dff" 3 27, 3 9 0, S_0x580203f18b30;
 .timescale 0 0;
    .port_info 0 /INPUT 1 "clk";
    .port_info 1 /INPUT 1 "rst";
    .port_info 2 /INPUT 1 "D";
    .port_info 3 /OUTPUT 1 "Q";
v0x580203f1a160_0 .net "D", 0 0, v0x580203f19c70_0;  alias, 1 drivers
v0x580203f1a250_0 .var "Q", 0 0;
v0x580203f1a2f0_0 .net "clk", 0 0, v0x580203f1b960_0;  alias, 1 drivers
v0x580203f1a3c0_0 .net "rst", 0 0, v0x580203f1baf0_0;  alias, 1 drivers
    .scope S_0x580203f14f10;
T_0 ;
    %wait E_0x580203ee33b0;
    %load/vec4 v0x580203f153c0_0;
    %nor/r;
    %flag_set/vec4 8;
    %jmp/0xz  T_0.0, 8;
    %pushi/vec4 0, 0, 1;
    %assign/vec4 v0x580203f15200_0, 0;
    %jmp T_0.1;
T_0.0 ;
    %load/vec4 v0x580203f15120_0;
    %assign/vec4 v0x580203f15200_0, 0;
T_0.1 ;
    %jmp T_0;
    .thread T_0;
    .scope S_0x580203f154e0;
T_1 ;
    %wait E_0x580203ee33b0;
    %load/vec4 v0x580203f15970_0;
    %nor/r;
    %flag_set/vec4 8;
    %jmp/0xz  T_1.0, 8;
    %pushi/vec4 0, 0, 1;
    %assign/vec4 v0x580203f157b0_0, 0;
    %jmp T_1.1;
T_1.0 ;
    %load/vec4 v0x580203f156e0_0;
    %assign/vec4 v0x580203f157b0_0, 0;
T_1.1 ;
    %jmp T_1;
    .thread T_1;
    .scope S_0x580203f15ac0;
T_2 ;
    %wait E_0x580203ee33b0;
    %load/vec4 v0x580203f15ee0_0;
    %nor/r;
    %flag_set/vec4 8;
    %jmp/0xz  T_2.0, 8;
    %pushi/vec4 0, 0, 1;
    %assign/vec4 v0x580203f15d70_0, 0;
    %jmp T_2.1;
T_2.0 ;
    %load/vec4 v0x580203f15ca0_0;
    %assign/vec4 v0x580203f15d70_0, 0;
T_2.1 ;
    %jmp T_2;
    .thread T_2;
    .scope S_0x580203f16010;
T_3 ;
    %wait E_0x580203ee33b0;
    %load/vec4 v0x580203f16450_0;
    %nor/r;
    %flag_set/vec4 8;
    %jmp/0xz  T_3.0, 8;
    %pushi/vec4 0, 0, 1;
    %assign/vec4 v0x580203f162e0_0, 0;
    %jmp T_3.1;
T_3.0 ;
    %load/vec4 v0x580203f161f0_0;
    %assign/vec4 v0x580203f162e0_0, 0;
T_3.1 ;
    %jmp T_3;
    .thread T_3;
    .scope S_0x580203f16d90;
T_4 ;
    %wait E_0x580203ee33b0;
    %load/vec4 v0x580203f17240_0;
    %nor/r;
    %flag_set/vec4 8;
    %jmp/0xz  T_4.0, 8;
    %pushi/vec4 0, 0, 1;
    %assign/vec4 v0x580203f170e0_0, 0;
    %jmp T_4.1;
T_4.0 ;
    %load/vec4 v0x580203f17000_0;
    %assign/vec4 v0x580203f170e0_0, 0;
T_4.1 ;
    %jmp T_4;
    .thread T_4;
    .scope S_0x580203f17340;
T_5 ;
    %wait E_0x580203ee33b0;
    %load/vec4 v0x580203f177f0_0;
    %nor/r;
    %flag_set/vec4 8;
    %jmp/0xz  T_5.0, 8;
    %pushi/vec4 0, 0, 1;
    %assign/vec4 v0x580203f17680_0, 0;
    %jmp T_5.1;
T_5.0 ;
    %load/vec4 v0x580203f175b0_0;
    %assign/vec4 v0x580203f17680_0, 0;
T_5.1 ;
    %jmp T_5;
    .thread T_5;
    .scope S_0x580203f17920;
T_6 ;
    %wait E_0x580203ee33b0;
    %load/vec4 v0x580203f17de0_0;
    %nor/r;
    %flag_set/vec4 8;
    %jmp/0xz  T_6.0, 8;
    %pushi/vec4 0, 0, 1;
    %assign/vec4 v0x580203f17c70_0, 0;
    %jmp T_6.1;
T_6.0 ;
    %load/vec4 v0x580203f17ba0_0;
    %assign/vec4 v0x580203f17c70_0, 0;
T_6.1 ;
    %jmp T_6;
    .thread T_6;
    .scope S_0x580203f17f10;
T_7 ;
    %wait E_0x580203ee33b0;
    %load/vec4 v0x580203f183c0_0;
    %nor/r;
    %flag_set/vec4 8;
    %jmp/0xz  T_7.0, 8;
    %pushi/vec4 0, 0, 1;
    %assign/vec4 v0x580203f18250_0, 0;
    %jmp T_7.1;
T_7.0 ;
    %load/vec4 v0x580203f18160_0;
    %assign/vec4 v0x580203f18250_0, 0;
T_7.1 ;
    %jmp T_7;
    .thread T_7;
    .scope S_0x580203f14800;
T_8 ;
    %wait E_0x580203ee33b0;
    %load/vec4 v0x580203f14bd0_0;
    %nor/r;
    %flag_set/vec4 8;
    %jmp/0xz  T_8.0, 8;
    %pushi/vec4 0, 0, 1;
    %assign/vec4 v0x580203f14a90_0, 0;
    %jmp T_8.1;
T_8.0 ;
    %load/vec4 v0x580203f149d0_0;
    %assign/vec4 v0x580203f14a90_0, 0;
T_8.1 ;
    %jmp T_8;
    .thread T_8;
    .scope S_0x580203f18dd0;
T_9 ;
    %wait E_0x580203ee33b0;
    %load/vec4 v0x580203f19240_0;
    %nor/r;
    %flag_set/vec4 8;
    %jmp/0xz  T_9.0, 8;
    %pushi/vec4 0, 0, 1;
    %assign/vec4 v0x580203f19100_0, 0;
    %jmp T_9.1;
T_9.0 ;
    %load/vec4 v0x580203f19040_0;
    %assign/vec4 v0x580203f19100_0, 0;
T_9.1 ;
    %jmp T_9;
    .thread T_9;
    .scope S_0x580203f19340;
T_10 ;
    %wait E_0x580203ee33b0;
    %load/vec4 v0x580203f197f0_0;
    %nor/r;
    %flag_set/vec4 8;
    %jmp/0xz  T_10.0, 8;
    %pushi/vec4 0, 0, 1;
    %assign/vec4 v0x580203f19680_0, 0;
    %jmp T_10.1;
T_10.0 ;
    %load/vec4 v0x580203f195b0_0;
    %assign/vec4 v0x580203f19680_0, 0;
T_10.1 ;
    %jmp T_10;
    .thread T_10;
    .scope S_0x580203f19920;
T_11 ;
    %wait E_0x580203ee33b0;
    %load/vec4 v0x580203f19de0_0;
    %nor/r;
    %flag_set/vec4 8;
    %jmp/0xz  T_11.0, 8;
    %pushi/vec4 0, 0, 1;
    %assign/vec4 v0x580203f19c70_0, 0;
    %jmp T_11.1;
T_11.0 ;
    %load/vec4 v0x580203f19ba0_0;
    %assign/vec4 v0x580203f19c70_0, 0;
T_11.1 ;
    %jmp T_11;
    .thread T_11;
    .scope S_0x580203f19f10;
T_12 ;
    %wait E_0x580203ee33b0;
    %load/vec4 v0x580203f1a3c0_0;
    %nor/r;
    %flag_set/vec4 8;
    %jmp/0xz  T_12.0, 8;
    %pushi/vec4 0, 0, 1;
    %assign/vec4 v0x580203f1a250_0, 0;
    %jmp T_12.1;
T_12.0 ;
    %load/vec4 v0x580203f1a160_0;
    %assign/vec4 v0x580203f1a250_0, 0;
T_12.1 ;
    %jmp T_12;
    .thread T_12;
    .scope S_0x580203ee4020;
T_13 ;
    %delay 90, 0;
    %vpi_call 2 7 "$finish" {0 0 0};
    %end;
    .thread T_13;
    .scope S_0x580203ee4020;
T_14 ;
    %pushi/vec4 0, 0, 1;
    %store/vec4 v0x580203f1b960_0, 0, 1;
T_14.0 ;
    %delay 5, 0;
    %load/vec4 v0x580203f1b960_0;
    %inv;
    %store/vec4 v0x580203f1b960_0, 0, 1;
    %jmp T_14.0;
    %end;
    .thread T_14;
    .scope S_0x580203ee4020;
T_15 ;
    %vpi_call 2 14 "$dumpfile", "serAdder_sim.vcd" {0 0 0};
    %vpi_call 2 15 "$dumpvars", 32'sb00000000000000000000000000000000, S_0x580203ee4020 {0 0 0};
    %vpi_call 2 17 "$display", "clk | load | s1 | s2 | s3 | s4" {0 0 0};
    %vpi_call 2 18 "$monitor", "%b | %b | %b | %b | %b | %b", v0x580203f1b960_0, v0x580203f1ba00_0, v0x580203f19100_0, v0x580203f19680_0, v0x580203f19c70_0, v0x580203f1a250_0 {0 0 0};
    %pushi/vec4 0, 0, 1;
    %store/vec4 v0x580203f1baf0_0, 0, 1;
    %pushi/vec4 0, 0, 1;
    %store/vec4 v0x580203f1ba00_0, 0, 1;
    %pushi/vec4 0, 0, 1;
    %store/vec4 v0x580203f1b740_0, 0, 1;
    %pushi/vec4 0, 0, 1;
    %store/vec4 v0x580203f1b800_0, 0, 1;
    %delay 5, 0;
    %pushi/vec4 1, 0, 1;
    %store/vec4 v0x580203f1baf0_0, 0, 1;
    %delay 10, 0;
    %pushi/vec4 0, 0, 1;
    %store/vec4 v0x580203f1b740_0, 0, 1;
    %pushi/vec4 1, 0, 1;
    %store/vec4 v0x580203f1b800_0, 0, 1;
    %delay 10, 0;
    %pushi/vec4 1, 0, 1;
    %store/vec4 v0x580203f1b740_0, 0, 1;
    %pushi/vec4 1, 0, 1;
    %store/vec4 v0x580203f1b800_0, 0, 1;
    %delay 10, 0;
    %pushi/vec4 0, 0, 1;
    %store/vec4 v0x580203f1b740_0, 0, 1;
    %pushi/vec4 1, 0, 1;
    %store/vec4 v0x580203f1b800_0, 0, 1;
    %delay 10, 0;
    %pushi/vec4 1, 0, 1;
    %store/vec4 v0x580203f1b740_0, 0, 1;
    %pushi/vec4 0, 0, 1;
    %store/vec4 v0x580203f1b800_0, 0, 1;
    %delay 3, 0;
    %pushi/vec4 1, 0, 1;
    %store/vec4 v0x580203f1ba00_0, 0, 1;
    %delay 40, 0;
    %pushi/vec4 0, 0, 1;
    %store/vec4 v0x580203f1ba00_0, 0, 1;
    %end;
    .thread T_15;
# The file index is used to find the file name in the following table.
:file_names 4;
    "N/A";
    "<interactive>";
    "./tb/serial_adder_tb.v";
    "./rtl/serial_adder.v";
