#! /usr/bin/vvp
:ivl_version "12.0 (stable)";
:ivl_delay_selection "TYPICAL";
:vpi_time_precision + 0;
:vpi_module "/usr/lib/x86_64-linux-gnu/ivl/system.vpi";
:vpi_module "/usr/lib/x86_64-linux-gnu/ivl/vhdl_sys.vpi";
:vpi_module "/usr/lib/x86_64-linux-gnu/ivl/vhdl_textio.vpi";
:vpi_module "/usr/lib/x86_64-linux-gnu/ivl/v2005_math.vpi";
:vpi_module "/usr/lib/x86_64-linux-gnu/ivl/va_math.vpi";
S_0x5d8fa6577c60 .scope module, "mealy_mac_tb" "mealy_mac_tb" 2 1;
 .timescale 0 0;
v0x5d8fa65a3dc0_0 .var "clk", 0 0;
v0x5d8fa65a3e80_0 .var "rst", 0 0;
v0x5d8fa65a3f50_0 .var "x", 0 0;
v0x5d8fa65a4050_0 .net "y", 0 0, v0x5d8fa65a3c80_0;  1 drivers
S_0x5d8fa658c1f0 .scope module, "DUT" "mealy_mac" 2 5, 3 1 0, S_0x5d8fa6577c60;
 .timescale 0 0;
    .port_info 0 /INPUT 1 "clk";
    .port_info 1 /INPUT 1 "rst";
    .port_info 2 /INPUT 1 "x";
    .port_info 3 /OUTPUT 1 "y";
P_0x5d8fa65778e0 .param/l "S0" 0 3 6, C4<00>;
P_0x5d8fa6577920 .param/l "S1" 0 3 6, C4<01>;
P_0x5d8fa6577960 .param/l "S2" 0 3 6, C4<10>;
P_0x5d8fa65779a0 .param/l "S3" 0 3 6, C4<11>;
v0x5d8fa6576830_0 .net "clk", 0 0, v0x5d8fa65a3dc0_0;  1 drivers
v0x5d8fa6576960_0 .var "next_state", 1 0;
v0x5d8fa65a39f0_0 .net "rst", 0 0, v0x5d8fa65a3e80_0;  1 drivers
v0x5d8fa65a3a90_0 .var "state", 1 0;
v0x5d8fa65a3b70_0 .net "x", 0 0, v0x5d8fa65a3f50_0;  1 drivers
v0x5d8fa65a3c80_0 .var "y", 0 0;
E_0x5d8fa6588af0 .event anyedge, v0x5d8fa65a3b70_0, v0x5d8fa65a3a90_0;
E_0x5d8fa654fdc0/0 .event negedge, v0x5d8fa65a39f0_0;
E_0x5d8fa654fdc0/1 .event posedge, v0x5d8fa6576830_0;
E_0x5d8fa654fdc0 .event/or E_0x5d8fa654fdc0/0, E_0x5d8fa654fdc0/1;
    .scope S_0x5d8fa658c1f0;
T_0 ;
    %wait E_0x5d8fa654fdc0;
    %load/vec4 v0x5d8fa65a39f0_0;
    %nor/r;
    %flag_set/vec4 8;
    %jmp/0xz  T_0.0, 8;
    %pushi/vec4 0, 0, 2;
    %store/vec4 v0x5d8fa65a3a90_0, 0, 2;
    %jmp T_0.1;
T_0.0 ;
    %load/vec4 v0x5d8fa6576960_0;
    %store/vec4 v0x5d8fa65a3a90_0, 0, 2;
T_0.1 ;
    %jmp T_0;
    .thread T_0;
    .scope S_0x5d8fa658c1f0;
T_1 ;
    %wait E_0x5d8fa6588af0;
    %load/vec4 v0x5d8fa65a3a90_0;
    %dup/vec4;
    %pushi/vec4 0, 0, 2;
    %cmp/u;
    %jmp/1 T_1.0, 6;
    %dup/vec4;
    %pushi/vec4 1, 0, 2;
    %cmp/u;
    %jmp/1 T_1.1, 6;
    %dup/vec4;
    %pushi/vec4 2, 0, 2;
    %cmp/u;
    %jmp/1 T_1.2, 6;
    %dup/vec4;
    %pushi/vec4 3, 0, 2;
    %cmp/u;
    %jmp/1 T_1.3, 6;
    %jmp T_1.4;
T_1.0 ;
    %load/vec4 v0x5d8fa65a3b70_0;
    %flag_set/vec4 8;
    %jmp/0xz  T_1.5, 8;
    %pushi/vec4 1, 0, 2;
    %store/vec4 v0x5d8fa6576960_0, 0, 2;
    %jmp T_1.6;
T_1.5 ;
    %pushi/vec4 0, 0, 2;
    %store/vec4 v0x5d8fa6576960_0, 0, 2;
T_1.6 ;
    %jmp T_1.4;
T_1.1 ;
    %load/vec4 v0x5d8fa65a3b70_0;
    %flag_set/vec4 8;
    %jmp/0xz  T_1.7, 8;
    %pushi/vec4 3, 0, 2;
    %store/vec4 v0x5d8fa6576960_0, 0, 2;
    %jmp T_1.8;
T_1.7 ;
    %pushi/vec4 0, 0, 2;
    %store/vec4 v0x5d8fa6576960_0, 0, 2;
T_1.8 ;
    %jmp T_1.4;
T_1.2 ;
    %load/vec4 v0x5d8fa65a3b70_0;
    %nor/r;
    %flag_set/vec4 8;
    %jmp/0xz  T_1.9, 8;
    %pushi/vec4 0, 0, 2;
    %store/vec4 v0x5d8fa6576960_0, 0, 2;
    %jmp T_1.10;
T_1.9 ;
    %pushi/vec4 2, 0, 2;
    %store/vec4 v0x5d8fa6576960_0, 0, 2;
T_1.10 ;
    %jmp T_1.4;
T_1.3 ;
    %load/vec4 v0x5d8fa65a3b70_0;
    %flag_set/vec4 8;
    %jmp/0xz  T_1.11, 8;
    %pushi/vec4 2, 0, 2;
    %store/vec4 v0x5d8fa6576960_0, 0, 2;
    %jmp T_1.12;
T_1.11 ;
    %pushi/vec4 0, 0, 2;
    %store/vec4 v0x5d8fa6576960_0, 0, 2;
T_1.12 ;
    %jmp T_1.4;
T_1.4 ;
    %pop/vec4 1;
    %jmp T_1;
    .thread T_1, $push;
    .scope S_0x5d8fa658c1f0;
T_2 ;
    %wait E_0x5d8fa6588af0;
    %load/vec4 v0x5d8fa65a3a90_0;
    %dup/vec4;
    %pushi/vec4 0, 0, 2;
    %cmp/u;
    %jmp/1 T_2.0, 6;
    %dup/vec4;
    %pushi/vec4 1, 0, 2;
    %cmp/u;
    %jmp/1 T_2.1, 6;
    %dup/vec4;
    %pushi/vec4 2, 0, 2;
    %cmp/u;
    %jmp/1 T_2.2, 6;
    %dup/vec4;
    %pushi/vec4 3, 0, 2;
    %cmp/u;
    %jmp/1 T_2.3, 6;
    %jmp T_2.4;
T_2.0 ;
    %pushi/vec4 0, 0, 1;
    %store/vec4 v0x5d8fa65a3c80_0, 0, 1;
    %jmp T_2.4;
T_2.1 ;
    %load/vec4 v0x5d8fa65a3b70_0;
    %nor/r;
    %store/vec4 v0x5d8fa65a3c80_0, 0, 1;
    %jmp T_2.4;
T_2.2 ;
    %load/vec4 v0x5d8fa65a3b70_0;
    %nor/r;
    %store/vec4 v0x5d8fa65a3c80_0, 0, 1;
    %jmp T_2.4;
T_2.3 ;
    %load/vec4 v0x5d8fa65a3b70_0;
    %nor/r;
    %store/vec4 v0x5d8fa65a3c80_0, 0, 1;
    %jmp T_2.4;
T_2.4 ;
    %pop/vec4 1;
    %jmp T_2;
    .thread T_2, $push;
    .scope S_0x5d8fa6577c60;
T_3 ;
    %pushi/vec4 0, 0, 1;
    %store/vec4 v0x5d8fa65a3dc0_0, 0, 1;
T_3.0 ;
    %delay 10, 0;
    %load/vec4 v0x5d8fa65a3dc0_0;
    %inv;
    %store/vec4 v0x5d8fa65a3dc0_0, 0, 1;
    %jmp T_3.0;
    %end;
    .thread T_3;
    .scope S_0x5d8fa6577c60;
T_4 ;
    %vpi_call 2 12 "$display", "Time | x | y" {0 0 0};
    %vpi_call 2 13 "$monitor", "%4t | %b | %b", $time, v0x5d8fa65a3f50_0, v0x5d8fa65a4050_0 {0 0 0};
    %pushi/vec4 1, 0, 1;
    %store/vec4 v0x5d8fa65a3e80_0, 0, 1;
    %pushi/vec4 0, 0, 1;
    %store/vec4 v0x5d8fa65a3f50_0, 0, 1;
    %delay 10, 0;
    %pushi/vec4 0, 0, 1;
    %store/vec4 v0x5d8fa65a3e80_0, 0, 1;
    %pushi/vec4 1, 0, 1;
    %store/vec4 v0x5d8fa65a3f50_0, 0, 1;
    %delay 10, 0;
    %pushi/vec4 0, 0, 1;
    %store/vec4 v0x5d8fa65a3f50_0, 0, 1;
    %delay 10, 0;
    %pushi/vec4 1, 0, 1;
    %store/vec4 v0x5d8fa65a3f50_0, 0, 1;
    %delay 10, 0;
    %pushi/vec4 1, 0, 1;
    %store/vec4 v0x5d8fa65a3f50_0, 0, 1;
    %delay 10, 0;
    %pushi/vec4 0, 0, 1;
    %store/vec4 v0x5d8fa65a3f50_0, 0, 1;
    %delay 10, 0;
    %pushi/vec4 1, 0, 1;
    %store/vec4 v0x5d8fa65a3f50_0, 0, 1;
    %delay 10, 0;
    %pushi/vec4 0, 0, 1;
    %store/vec4 v0x5d8fa65a3f50_0, 0, 1;
    %delay 10, 0;
    %pushi/vec4 1, 0, 1;
    %store/vec4 v0x5d8fa65a3f50_0, 0, 1;
    %delay 10, 0;
    %pushi/vec4 1, 0, 1;
    %store/vec4 v0x5d8fa65a3f50_0, 0, 1;
    %delay 10, 0;
    %vpi_call 2 32 "$finish" {0 0 0};
    %end;
    .thread T_4;
    .scope S_0x5d8fa6577c60;
T_5 ;
    %vpi_call 2 37 "$dumpfile", "seq_det_sim.vcd" {0 0 0};
    %vpi_call 2 38 "$dumpvars", 32'sb00000000000000000000000000000001, S_0x5d8fa6577c60 {0 0 0};
    %end;
    .thread T_5;
# The file index is used to find the file name in the following table.
:file_names 4;
    "N/A";
    "<interactive>";
    "tb/seq_det_tb.v";
    "rtl/seq_det.v";
