#! /usr/bin/vvp
:ivl_version "12.0 (stable)";
:ivl_delay_selection "TYPICAL";
:vpi_time_precision + 0;
:vpi_module "/usr/lib/x86_64-linux-gnu/ivl/system.vpi";
:vpi_module "/usr/lib/x86_64-linux-gnu/ivl/vhdl_sys.vpi";
:vpi_module "/usr/lib/x86_64-linux-gnu/ivl/vhdl_textio.vpi";
:vpi_module "/usr/lib/x86_64-linux-gnu/ivl/v2005_math.vpi";
:vpi_module "/usr/lib/x86_64-linux-gnu/ivl/va_math.vpi";
S_0x5bc7d2ce2ca0 .scope module, "solution_tb" "solution_tb" 2 1;
 .timescale 0 0;
v0x5bc7d2cfad10_0 .var "clk", 0 0;
v0x5bc7d2cfadd0_0 .var "rst", 0 0;
v0x5bc7d2cfaea0_0 .var "x_in", 0 0;
v0x5bc7d2cfafa0_0 .net "y_out", 0 0, L_0x5bc7d2cfb620;  1 drivers
S_0x5bc7d2ce2e30 .scope module, "DUT" "solution" 2 5, 3 1 0, S_0x5bc7d2ce2ca0;
 .timescale 0 0;
    .port_info 0 /INPUT 1 "clk";
    .port_info 1 /INPUT 1 "rst";
    .port_info 2 /INPUT 1 "x_in";
    .port_info 3 /OUTPUT 1 "y_out";
P_0x5bc7d2ca5490 .param/l "ACTIVE1" 0 3 6, C4<001>;
P_0x5bc7d2ca54d0 .param/l "ACTIVE2" 0 3 7, C4<010>;
P_0x5bc7d2ca5510 .param/l "ACTIVE3" 0 3 8, C4<011>;
P_0x5bc7d2ca5550 .param/l "IDLE" 0 3 5, C4<000>;
P_0x5bc7d2ca5590 .param/l "LOW1" 0 3 9, C4<100>;
P_0x5bc7d2ca55d0 .param/l "LOW2" 0 3 10, C4<101>;
L_0x5bc7d2cfb310 .functor OR 1, L_0x5bc7d2cfb0a0, L_0x5bc7d2cfb1a0, C4<0>, C4<0>;
L_0x5bc7d2cfb510 .functor OR 1, L_0x5bc7d2cfb310, L_0x5bc7d2cfb420, C4<0>, C4<0>;
L_0x5bc7d2cfb620 .functor NOT 1, L_0x5bc7d2cfb510, C4<0>, C4<0>, C4<0>;
L_0x5bc7d2cfb730 .functor NOT 1, v0x5bc7d2cfab10_0, C4<0>, C4<0>, C4<0>;
L_0x5bc7d2cfb7d0 .functor AND 1, L_0x5bc7d2cfb730, v0x5bc7d2cfaea0_0, C4<1>, C4<1>;
L_0x793cd9157018 .functor BUFT 1, C4<0000>, C4<0>, C4<0>, C4<0>;
v0x5bc7d2ce3340_0 .net/2u *"_ivl_0", 3 0, L_0x793cd9157018;  1 drivers
L_0x793cd91570a8 .functor BUFT 1, C4<0101>, C4<0>, C4<0>, C4<0>;
v0x5bc7d2cded20_0 .net/2u *"_ivl_10", 3 0, L_0x793cd91570a8;  1 drivers
v0x5bc7d2cde890_0 .net *"_ivl_12", 0 0, L_0x5bc7d2cfb420;  1 drivers
v0x5bc7d2cde720_0 .net *"_ivl_15", 0 0, L_0x5bc7d2cfb510;  1 drivers
v0x5bc7d2cfa200_0 .net *"_ivl_18", 0 0, L_0x5bc7d2cfb730;  1 drivers
v0x5bc7d2cfa330_0 .net *"_ivl_2", 0 0, L_0x5bc7d2cfb0a0;  1 drivers
L_0x793cd9157060 .functor BUFT 1, C4<0100>, C4<0>, C4<0>, C4<0>;
v0x5bc7d2cfa3f0_0 .net/2u *"_ivl_4", 3 0, L_0x793cd9157060;  1 drivers
v0x5bc7d2cfa4d0_0 .net *"_ivl_6", 0 0, L_0x5bc7d2cfb1a0;  1 drivers
v0x5bc7d2cfa590_0 .net *"_ivl_9", 0 0, L_0x5bc7d2cfb310;  1 drivers
v0x5bc7d2cfa650_0 .net "clk", 0 0, v0x5bc7d2cfad10_0;  1 drivers
v0x5bc7d2cfa710_0 .var "next_state", 3 0;
v0x5bc7d2cfa7f0_0 .net "rst", 0 0, v0x5bc7d2cfadd0_0;  1 drivers
v0x5bc7d2cfa8b0_0 .var "state", 3 0;
v0x5bc7d2cfa990_0 .net "x_in", 0 0, v0x5bc7d2cfaea0_0;  1 drivers
v0x5bc7d2cfaa50_0 .net "x_rise", 0 0, L_0x5bc7d2cfb7d0;  1 drivers
v0x5bc7d2cfab10_0 .var "x_state", 0 0;
v0x5bc7d2cfabd0_0 .net "y_out", 0 0, L_0x5bc7d2cfb620;  alias, 1 drivers
E_0x5bc7d2cdf290 .event anyedge, v0x5bc7d2cfaa50_0, v0x5bc7d2cfa8b0_0;
E_0x5bc7d2cdf130/0 .event negedge, v0x5bc7d2cfa7f0_0;
E_0x5bc7d2cdf130/1 .event posedge, v0x5bc7d2cfa650_0;
E_0x5bc7d2cdf130 .event/or E_0x5bc7d2cdf130/0, E_0x5bc7d2cdf130/1;
L_0x5bc7d2cfb0a0 .cmp/eq 4, v0x5bc7d2cfa8b0_0, L_0x793cd9157018;
L_0x5bc7d2cfb1a0 .cmp/eq 4, v0x5bc7d2cfa8b0_0, L_0x793cd9157060;
L_0x5bc7d2cfb420 .cmp/eq 4, v0x5bc7d2cfa8b0_0, L_0x793cd91570a8;
    .scope S_0x5bc7d2ce2e30;
T_0 ;
    %wait E_0x5bc7d2cdf130;
    %load/vec4 v0x5bc7d2cfa7f0_0;
    %nor/r;
    %flag_set/vec4 8;
    %jmp/0xz  T_0.0, 8;
    %pushi/vec4 0, 0, 4;
    %assign/vec4 v0x5bc7d2cfa8b0_0, 0;
    %jmp T_0.1;
T_0.0 ;
    %load/vec4 v0x5bc7d2cfa8b0_0;
    %cmpi/u 1, 0, 4;
    %flag_inv 5; GE is !LT
    %flag_get/vec4 5;
    %jmp/0 T_0.4, 5;
    %load/vec4 v0x5bc7d2cfa8b0_0;
    %cmpi/u 5, 0, 4;
    %flag_get/vec4 5;
    %and;
T_0.4;
    %flag_set/vec4 8;
    %jmp/0xz  T_0.2, 8;
    %load/vec4 v0x5bc7d2cfa8b0_0;
    %addi 1, 0, 4;
    %assign/vec4 v0x5bc7d2cfa8b0_0, 0;
    %jmp T_0.3;
T_0.2 ;
    %load/vec4 v0x5bc7d2cfa710_0;
    %assign/vec4 v0x5bc7d2cfa8b0_0, 0;
T_0.3 ;
T_0.1 ;
    %load/vec4 v0x5bc7d2cfa990_0;
    %assign/vec4 v0x5bc7d2cfab10_0, 0;
    %jmp T_0;
    .thread T_0;
    .scope S_0x5bc7d2ce2e30;
T_1 ;
    %wait E_0x5bc7d2cdf290;
    %load/vec4 v0x5bc7d2cfa8b0_0;
    %cmpi/e 0, 0, 4;
    %flag_get/vec4 4;
    %jmp/0 T_1.2, 4;
    %load/vec4 v0x5bc7d2cfaa50_0;
    %pad/u 32;
    %pushi/vec4 1, 0, 32;
    %cmp/e;
    %flag_get/vec4 4;
    %and;
T_1.2;
    %flag_set/vec4 8;
    %jmp/0xz  T_1.0, 8;
    %pushi/vec4 1, 0, 4;
    %store/vec4 v0x5bc7d2cfa710_0, 0, 4;
    %jmp T_1.1;
T_1.0 ;
    %load/vec4 v0x5bc7d2cfa8b0_0;
    %cmpi/u 1, 0, 4;
    %flag_inv 5; GE is !LT
    %flag_get/vec4 5;
    %jmp/0 T_1.5, 5;
    %load/vec4 v0x5bc7d2cfa8b0_0;
    %cmpi/u 5, 0, 4;
    %flag_get/vec4 4;
    %flag_get/vec4 5;
    %or;
    %and;
T_1.5;
    %flag_set/vec4 8;
    %jmp/0xz  T_1.3, 8;
    %load/vec4 v0x5bc7d2cfa8b0_0;
    %cmpi/e 3, 0, 4;
    %jmp/0xz  T_1.6, 4;
    %pushi/vec4 4, 0, 4;
    %store/vec4 v0x5bc7d2cfa710_0, 0, 4;
    %jmp T_1.7;
T_1.6 ;
    %load/vec4 v0x5bc7d2cfa8b0_0;
    %cmpi/e 5, 0, 4;
    %jmp/0xz  T_1.8, 4;
    %pushi/vec4 0, 0, 4;
    %store/vec4 v0x5bc7d2cfa710_0, 0, 4;
T_1.8 ;
T_1.7 ;
    %jmp T_1.4;
T_1.3 ;
    %pushi/vec4 0, 0, 4;
    %store/vec4 v0x5bc7d2cfa710_0, 0, 4;
T_1.4 ;
T_1.1 ;
    %jmp T_1;
    .thread T_1, $push;
    .scope S_0x5bc7d2ce2ca0;
T_2 ;
    %delay 200, 0;
    %vpi_call 2 7 "$finish" {0 0 0};
    %end;
    .thread T_2;
    .scope S_0x5bc7d2ce2ca0;
T_3 ;
    %pushi/vec4 0, 0, 1;
    %store/vec4 v0x5bc7d2cfad10_0, 0, 1;
T_3.0 ;
    %delay 5, 0;
    %load/vec4 v0x5bc7d2cfad10_0;
    %inv;
    %store/vec4 v0x5bc7d2cfad10_0, 0, 1;
    %jmp T_3.0;
    %end;
    .thread T_3;
    .scope S_0x5bc7d2ce2ca0;
T_4 ;
    %vpi_call 2 14 "$dumpfile", "sol_sim.vcd" {0 0 0};
    %vpi_call 2 15 "$dumpvars", 32'sb00000000000000000000000000000000, S_0x5bc7d2ce2ca0 {0 0 0};
    %pushi/vec4 0, 0, 1;
    %store/vec4 v0x5bc7d2cfadd0_0, 0, 1;
    %pushi/vec4 0, 0, 1;
    %store/vec4 v0x5bc7d2cfaea0_0, 0, 1;
    %delay 2, 0;
    %pushi/vec4 1, 0, 1;
    %store/vec4 v0x5bc7d2cfadd0_0, 0, 1;
    %delay 8, 0;
    %pushi/vec4 1, 0, 1;
    %store/vec4 v0x5bc7d2cfaea0_0, 0, 1;
    %delay 23, 0;
    %pushi/vec4 0, 0, 1;
    %store/vec4 v0x5bc7d2cfaea0_0, 0, 1;
    %delay 37, 0;
    %pushi/vec4 1, 0, 1;
    %store/vec4 v0x5bc7d2cfaea0_0, 0, 1;
    %end;
    .thread T_4;
# The file index is used to find the file name in the following table.
:file_names 4;
    "N/A";
    "<interactive>";
    "tb/problems/sol_546_tb.v";
    "rtl/problems/sol_546.v";
