#! /usr/bin/vvp
:ivl_version "12.0 (stable)";
:ivl_delay_selection "TYPICAL";
:vpi_time_precision + 0;
:vpi_module "/usr/lib/x86_64-linux-gnu/ivl/system.vpi";
:vpi_module "/usr/lib/x86_64-linux-gnu/ivl/vhdl_sys.vpi";
:vpi_module "/usr/lib/x86_64-linux-gnu/ivl/vhdl_textio.vpi";
:vpi_module "/usr/lib/x86_64-linux-gnu/ivl/v2005_math.vpi";
:vpi_module "/usr/lib/x86_64-linux-gnu/ivl/va_math.vpi";
S_0x6318f26ca550 .scope module, "seq_ct_tb" "seq_ct_tb" 2 1;
 .timescale 0 0;
v0x6318f26e0660_0 .var "clk", 0 0;
v0x6318f26e0720_0 .var "d1", 0 0;
v0x6318f26e07e0_0 .var "d2", 0 0;
v0x6318f26e08b0_0 .net "q", 0 0, v0x6318f26dfd50_0;  1 drivers
v0x6318f26e09a0_0 .var "x", 0 0;
S_0x6318f26ca6e0 .scope module, "DUT" "seq_ct" 2 5, 3 11 0, S_0x6318f26ca550;
 .timescale 0 0;
    .port_info 0 /INPUT 1 "clk";
    .port_info 1 /INPUT 1 "x";
    .port_info 2 /INPUT 1 "d1";
    .port_info 3 /INPUT 1 "d2";
    .port_info 4 /OUTPUT 1 "q";
L_0x6318f26e0a90 .functor NOT 1, v0x6318f26e09a0_0, C4<0>, C4<0>, C4<0>;
L_0x6318f26e0b50 .functor AND 1, L_0x6318f26e0a90, v0x6318f26e0720_0, C4<1>, C4<1>;
L_0x6318f26e0c60 .functor AND 1, v0x6318f26e09a0_0, v0x6318f26e07e0_0, C4<1>, C4<1>;
L_0x6318f26e0d20 .functor OR 1, L_0x6318f26e0b50, L_0x6318f26e0c60, C4<0>, C4<0>;
v0x6318f26dfe70_0 .net *"_ivl_0", 0 0, L_0x6318f26e0a90;  1 drivers
v0x6318f26dff50_0 .net *"_ivl_2", 0 0, L_0x6318f26e0b50;  1 drivers
v0x6318f26e0030_0 .net *"_ivl_4", 0 0, L_0x6318f26e0c60;  1 drivers
v0x6318f26e0120_0 .net "clk", 0 0, v0x6318f26e0660_0;  1 drivers
v0x6318f26e01f0_0 .net "d", 0 0, L_0x6318f26e0d20;  1 drivers
v0x6318f26e02e0_0 .net "d1", 0 0, v0x6318f26e0720_0;  1 drivers
v0x6318f26e0380_0 .net "d2", 0 0, v0x6318f26e07e0_0;  1 drivers
v0x6318f26e0420_0 .net "q", 0 0, v0x6318f26dfd50_0;  alias, 1 drivers
v0x6318f26e04f0_0 .net "x", 0 0, v0x6318f26e09a0_0;  1 drivers
S_0x6318f26cc080 .scope module, "ff1" "dff" 3 17, 3 1 0, S_0x6318f26ca6e0;
 .timescale 0 0;
    .port_info 0 /INPUT 1 "clk";
    .port_info 1 /INPUT 1 "d";
    .port_info 2 /OUTPUT 1 "q";
v0x6318f26cc2d0_0 .net "clk", 0 0, v0x6318f26e0660_0;  alias, 1 drivers
v0x6318f26dfc90_0 .net "d", 0 0, L_0x6318f26e0d20;  alias, 1 drivers
v0x6318f26dfd50_0 .var "q", 0 0;
E_0x6318f26926a0 .event posedge, v0x6318f26cc2d0_0;
    .scope S_0x6318f26cc080;
T_0 ;
    %wait E_0x6318f26926a0;
    %load/vec4 v0x6318f26dfc90_0;
    %assign/vec4 v0x6318f26dfd50_0, 0;
    %jmp T_0;
    .thread T_0;
    .scope S_0x6318f26ca550;
T_1 ;
    %pushi/vec4 0, 0, 1;
    %store/vec4 v0x6318f26e0660_0, 0, 1;
T_1.0 ;
    %delay 5, 0;
    %load/vec4 v0x6318f26e0660_0;
    %inv;
    %store/vec4 v0x6318f26e0660_0, 0, 1;
    %jmp T_1.0;
    %end;
    .thread T_1;
    .scope S_0x6318f26ca550;
T_2 ;
    %vpi_call 2 13 "$monitor", "clk=%b | x=%b | d1=%b | d2=%b | q=%b", v0x6318f26e0660_0, v0x6318f26e09a0_0, v0x6318f26e0720_0, v0x6318f26e07e0_0, v0x6318f26e08b0_0 {0 0 0};
    %delay 0, 0;
    %pushi/vec4 0, 0, 1;
    %store/vec4 v0x6318f26e0720_0, 0, 1;
    %delay 0, 0;
    %pushi/vec4 1, 0, 1;
    %store/vec4 v0x6318f26e07e0_0, 0, 1;
    %delay 0, 0;
    %pushi/vec4 0, 0, 1;
    %store/vec4 v0x6318f26e09a0_0, 0, 1;
    %delay 13, 0;
    %pushi/vec4 1, 0, 1;
    %store/vec4 v0x6318f26e09a0_0, 0, 1;
    %delay 50, 0;
    %vpi_call 2 20 "$finish" {0 0 0};
    %end;
    .thread T_2;
# The file index is used to find the file name in the following table.
:file_names 4;
    "N/A";
    "<interactive>";
    "tb/problems/sol_524_tb.v";
    "rtl/problems/sol_524.v";
