#! /usr/bin/vvp
:ivl_version "12.0 (stable)";
:ivl_delay_selection "TYPICAL";
:vpi_time_precision + 0;
:vpi_module "/usr/lib/x86_64-linux-gnu/ivl/system.vpi";
:vpi_module "/usr/lib/x86_64-linux-gnu/ivl/vhdl_sys.vpi";
:vpi_module "/usr/lib/x86_64-linux-gnu/ivl/vhdl_textio.vpi";
:vpi_module "/usr/lib/x86_64-linux-gnu/ivl/v2005_math.vpi";
:vpi_module "/usr/lib/x86_64-linux-gnu/ivl/va_math.vpi";
S_0x5e8c03a8c610 .scope module, "sync_counter_tb" "sync_counter_tb" 2 1;
 .timescale 0 0;
v0x5e8c03aa5d40_0 .net "A", 3 0, L_0x5e8c03aa6760;  1 drivers
v0x5e8c03aa5e00_0 .var "clk", 0 0;
v0x5e8c03aa5ea0_0 .var "rst", 0 0;
S_0x5e8c03a8c7a0 .scope module, "DUT" "sync_counter" 2 5, 3 12 0, S_0x5e8c03a8c610;
 .timescale 0 0;
    .port_info 0 /INPUT 1 "clk";
    .port_info 1 /INPUT 1 "rst";
    .port_info 2 /OUTPUT 4 "A";
L_0x5e8c03aa6270 .functor AND 1, L_0x5e8c03aa6070, L_0x5e8c03aa6110, C4<1>, C4<1>;
L_0x5e8c03aa6480 .functor AND 1, L_0x5e8c03aa6310, L_0x5e8c03aa63e0, C4<1>, C4<1>;
L_0x5e8c03aa6650 .functor AND 1, L_0x5e8c03aa6480, L_0x5e8c03aa6570, C4<1>, C4<1>;
v0x5e8c03aa5480_0 .net "A", 3 0, L_0x5e8c03aa6760;  alias, 1 drivers
v0x5e8c03aa5580_0 .net *"_ivl_11", 0 0, L_0x5e8c03aa6110;  1 drivers
v0x5e8c03aa5660_0 .net *"_ivl_17", 0 0, L_0x5e8c03aa6310;  1 drivers
v0x5e8c03aa5720_0 .net *"_ivl_19", 0 0, L_0x5e8c03aa63e0;  1 drivers
v0x5e8c03aa5800_0 .net *"_ivl_20", 0 0, L_0x5e8c03aa6480;  1 drivers
v0x5e8c03aa5930_0 .net *"_ivl_23", 0 0, L_0x5e8c03aa6570;  1 drivers
v0x5e8c03aa5a10_0 .net *"_ivl_9", 0 0, L_0x5e8c03aa6070;  1 drivers
v0x5e8c03aa5af0_0 .net "clk", 0 0, v0x5e8c03aa5e00_0;  1 drivers
v0x5e8c03aa5b90_0 .net "rst", 0 0, v0x5e8c03aa5ea0_0;  1 drivers
L_0x5e8c03aa5fa0 .part L_0x5e8c03aa6760, 0, 1;
L_0x5e8c03aa6070 .part L_0x5e8c03aa6760, 1, 1;
L_0x5e8c03aa6110 .part L_0x5e8c03aa6760, 0, 1;
L_0x5e8c03aa6310 .part L_0x5e8c03aa6760, 1, 1;
L_0x5e8c03aa63e0 .part L_0x5e8c03aa6760, 0, 1;
L_0x5e8c03aa6570 .part L_0x5e8c03aa6760, 2, 1;
L_0x5e8c03aa6760 .concat8 [ 1 1 1 1], v0x5e8c03a7a940_0, v0x5e8c03a7ba00_0, v0x5e8c03aa4ad0_0, v0x5e8c03aa5110_0;
S_0x5e8c03a50490 .scope module, "T1" "t_ff" 3 17, 3 1 0, S_0x5e8c03a8c7a0;
 .timescale 0 0;
    .port_info 0 /INPUT 1 "clk";
    .port_info 1 /INPUT 1 "rst";
    .port_info 2 /INPUT 1 "T";
    .port_info 3 /OUTPUT 1 "Q";
v0x5e8c03a7a940_0 .var "Q", 0 0;
L_0x7014dc06e018 .functor BUFT 1, C4<1>, C4<0>, C4<0>, C4<0>;
v0x5e8c03a79920_0 .net "T", 0 0, L_0x7014dc06e018;  1 drivers
v0x5e8c03a799f0_0 .net "clk", 0 0, v0x5e8c03aa5e00_0;  alias, 1 drivers
v0x5e8c03a7d950_0 .net "rst", 0 0, v0x5e8c03aa5ea0_0;  alias, 1 drivers
E_0x5e8c03a8a9b0/0 .event negedge, v0x5e8c03a7d950_0;
E_0x5e8c03a8a9b0/1 .event posedge, v0x5e8c03a799f0_0;
E_0x5e8c03a8a9b0 .event/or E_0x5e8c03a8a9b0/0, E_0x5e8c03a8a9b0/1;
S_0x5e8c03aa4560 .scope module, "T2" "t_ff" 3 18, 3 1 0, S_0x5e8c03a8c7a0;
 .timescale 0 0;
    .port_info 0 /INPUT 1 "clk";
    .port_info 1 /INPUT 1 "rst";
    .port_info 2 /INPUT 1 "T";
    .port_info 3 /OUTPUT 1 "Q";
v0x5e8c03a7ba00_0 .var "Q", 0 0;
v0x5e8c03a7a260_0 .net "T", 0 0, L_0x5e8c03aa5fa0;  1 drivers
v0x5e8c03a79290_0 .net "clk", 0 0, v0x5e8c03aa5e00_0;  alias, 1 drivers
v0x5e8c03aa47a0_0 .net "rst", 0 0, v0x5e8c03aa5ea0_0;  alias, 1 drivers
S_0x5e8c03aa48c0 .scope module, "T3" "t_ff" 3 19, 3 1 0, S_0x5e8c03a8c7a0;
 .timescale 0 0;
    .port_info 0 /INPUT 1 "clk";
    .port_info 1 /INPUT 1 "rst";
    .port_info 2 /INPUT 1 "T";
    .port_info 3 /OUTPUT 1 "Q";
v0x5e8c03aa4ad0_0 .var "Q", 0 0;
v0x5e8c03aa4b90_0 .net "T", 0 0, L_0x5e8c03aa6270;  1 drivers
v0x5e8c03aa4c50_0 .net "clk", 0 0, v0x5e8c03aa5e00_0;  alias, 1 drivers
v0x5e8c03aa4d70_0 .net "rst", 0 0, v0x5e8c03aa5ea0_0;  alias, 1 drivers
S_0x5e8c03aa4ec0 .scope module, "T4" "t_ff" 3 20, 3 1 0, S_0x5e8c03a8c7a0;
 .timescale 0 0;
    .port_info 0 /INPUT 1 "clk";
    .port_info 1 /INPUT 1 "rst";
    .port_info 2 /INPUT 1 "T";
    .port_info 3 /OUTPUT 1 "Q";
v0x5e8c03aa5110_0 .var "Q", 0 0;
v0x5e8c03aa51f0_0 .net "T", 0 0, L_0x5e8c03aa6650;  1 drivers
v0x5e8c03aa52b0_0 .net "clk", 0 0, v0x5e8c03aa5e00_0;  alias, 1 drivers
v0x5e8c03aa5350_0 .net "rst", 0 0, v0x5e8c03aa5ea0_0;  alias, 1 drivers
    .scope S_0x5e8c03a50490;
T_0 ;
    %wait E_0x5e8c03a8a9b0;
    %load/vec4 v0x5e8c03a7d950_0;
    %nor/r;
    %flag_set/vec4 8;
    %jmp/0xz  T_0.0, 8;
    %pushi/vec4 0, 0, 1;
    %assign/vec4 v0x5e8c03a7a940_0, 0;
    %jmp T_0.1;
T_0.0 ;
    %load/vec4 v0x5e8c03a79920_0;
    %flag_set/vec4 8;
    %jmp/0xz  T_0.2, 8;
    %load/vec4 v0x5e8c03a7a940_0;
    %inv;
    %assign/vec4 v0x5e8c03a7a940_0, 0;
T_0.2 ;
T_0.1 ;
    %jmp T_0;
    .thread T_0;
    .scope S_0x5e8c03aa4560;
T_1 ;
    %wait E_0x5e8c03a8a9b0;
    %load/vec4 v0x5e8c03aa47a0_0;
    %nor/r;
    %flag_set/vec4 8;
    %jmp/0xz  T_1.0, 8;
    %pushi/vec4 0, 0, 1;
    %assign/vec4 v0x5e8c03a7ba00_0, 0;
    %jmp T_1.1;
T_1.0 ;
    %load/vec4 v0x5e8c03a7a260_0;
    %flag_set/vec4 8;
    %jmp/0xz  T_1.2, 8;
    %load/vec4 v0x5e8c03a7ba00_0;
    %inv;
    %assign/vec4 v0x5e8c03a7ba00_0, 0;
T_1.2 ;
T_1.1 ;
    %jmp T_1;
    .thread T_1;
    .scope S_0x5e8c03aa48c0;
T_2 ;
    %wait E_0x5e8c03a8a9b0;
    %load/vec4 v0x5e8c03aa4d70_0;
    %nor/r;
    %flag_set/vec4 8;
    %jmp/0xz  T_2.0, 8;
    %pushi/vec4 0, 0, 1;
    %assign/vec4 v0x5e8c03aa4ad0_0, 0;
    %jmp T_2.1;
T_2.0 ;
    %load/vec4 v0x5e8c03aa4b90_0;
    %flag_set/vec4 8;
    %jmp/0xz  T_2.2, 8;
    %load/vec4 v0x5e8c03aa4ad0_0;
    %inv;
    %assign/vec4 v0x5e8c03aa4ad0_0, 0;
T_2.2 ;
T_2.1 ;
    %jmp T_2;
    .thread T_2;
    .scope S_0x5e8c03aa4ec0;
T_3 ;
    %wait E_0x5e8c03a8a9b0;
    %load/vec4 v0x5e8c03aa5350_0;
    %nor/r;
    %flag_set/vec4 8;
    %jmp/0xz  T_3.0, 8;
    %pushi/vec4 0, 0, 1;
    %assign/vec4 v0x5e8c03aa5110_0, 0;
    %jmp T_3.1;
T_3.0 ;
    %load/vec4 v0x5e8c03aa51f0_0;
    %flag_set/vec4 8;
    %jmp/0xz  T_3.2, 8;
    %load/vec4 v0x5e8c03aa5110_0;
    %inv;
    %assign/vec4 v0x5e8c03aa5110_0, 0;
T_3.2 ;
T_3.1 ;
    %jmp T_3;
    .thread T_3;
    .scope S_0x5e8c03a8c610;
T_4 ;
    %delay 200, 0;
    %vpi_call 2 7 "$finish" {0 0 0};
    %end;
    .thread T_4;
    .scope S_0x5e8c03a8c610;
T_5 ;
    %pushi/vec4 0, 0, 1;
    %store/vec4 v0x5e8c03aa5e00_0, 0, 1;
T_5.0 ;
    %delay 5, 0;
    %load/vec4 v0x5e8c03aa5e00_0;
    %inv;
    %store/vec4 v0x5e8c03aa5e00_0, 0, 1;
    %jmp T_5.0;
    %end;
    .thread T_5;
    .scope S_0x5e8c03a8c610;
T_6 ;
    %vpi_call 2 14 "$dumpfile", "syncCount_sim.vcd" {0 0 0};
    %vpi_call 2 15 "$dumpvars", 32'sb00000000000000000000000000000000, S_0x5e8c03a8c610 {0 0 0};
    %pushi/vec4 0, 0, 1;
    %store/vec4 v0x5e8c03aa5ea0_0, 0, 1;
    %delay 5, 0;
    %pushi/vec4 1, 0, 1;
    %store/vec4 v0x5e8c03aa5ea0_0, 0, 1;
    %end;
    .thread T_6;
# The file index is used to find the file name in the following table.
:file_names 4;
    "N/A";
    "<interactive>";
    "./tb/sync_counter_tb.v";
    "./rtl/sync_counter.v";
