#! /usr/bin/vvp
:ivl_version "12.0 (stable)";
:ivl_delay_selection "TYPICAL";
:vpi_time_precision - 12;
:vpi_module "/usr/lib/x86_64-linux-gnu/ivl/system.vpi";
:vpi_module "/usr/lib/x86_64-linux-gnu/ivl/vhdl_sys.vpi";
:vpi_module "/usr/lib/x86_64-linux-gnu/ivl/vhdl_textio.vpi";
:vpi_module "/usr/lib/x86_64-linux-gnu/ivl/v2005_math.vpi";
:vpi_module "/usr/lib/x86_64-linux-gnu/ivl/va_math.vpi";
S_0x556f8fe73050 .scope module, "uart_tx_tb" "uart_tx_tb" 2 3;
 .timescale -9 -12;
v0x556f8fe8a070_0 .var "clk", 0 0;
v0x556f8fe8a160_0 .var "data", 7 0;
v0x556f8fe8a230_0 .var "rst", 0 0;
v0x556f8fe8a330_0 .var "tx_active", 0 0;
v0x556f8fe8a400_0 .net "y_out", 0 0, L_0x556f8fe8a4a0;  1 drivers
S_0x556f8fe731e0 .scope module, "DUT" "uart_tx" 2 8, 3 1 0, S_0x556f8fe73050;
 .timescale 0 0;
    .port_info 0 /INPUT 1 "clk";
    .port_info 1 /INPUT 1 "rst";
    .port_info 2 /INPUT 8 "data";
    .port_info 3 /INPUT 1 "tx_active";
    .port_info 4 /OUTPUT 1 "tx";
P_0x556f8fe32490 .param/l "DATA" 0 3 11, +C4<00000000000000000000000000000010>;
P_0x556f8fe324d0 .param/l "IDLE" 0 3 11, +C4<00000000000000000000000000000000>;
P_0x556f8fe32510 .param/l "START" 0 3 11, +C4<00000000000000000000000000000001>;
P_0x556f8fe32550 .param/l "STOP" 0 3 11, +C4<00000000000000000000000000000011>;
P_0x556f8fe32590 .param/l "baud_rate" 0 3 8, +C4<00000000000000011100001000000000>;
P_0x556f8fe325d0 .param/l "clk_div" 0 3 9, +C4<00000000000000000000001101100100>;
P_0x556f8fe32610 .param/l "clk_rate" 0 3 7, +C4<00000101111101011110000100000000>;
L_0x556f8fe8a4a0 .functor BUFZ 1, v0x556f8fe89f10_0, C4<0>, C4<0>, C4<0>;
v0x556f8fe6bf30_0 .net "clk", 0 0, v0x556f8fe8a070_0;  1 drivers
v0x556f8fe898f0_0 .var "clk_count", 9 0;
v0x556f8fe899d0_0 .net "data", 7 0, v0x556f8fe8a160_0;  1 drivers
v0x556f8fe89ac0_0 .var "data_index", 2 0;
v0x556f8fe89ba0_0 .net "rst", 0 0, v0x556f8fe8a230_0;  1 drivers
v0x556f8fe89cb0_0 .var "state", 1 0;
v0x556f8fe89d90_0 .net "tx", 0 0, L_0x556f8fe8a4a0;  alias, 1 drivers
v0x556f8fe89e50_0 .net "tx_active", 0 0, v0x556f8fe8a330_0;  1 drivers
v0x556f8fe89f10_0 .var "tx_state", 0 0;
E_0x556f8fe6b570/0 .event negedge, v0x556f8fe89ba0_0;
E_0x556f8fe6b570/1 .event posedge, v0x556f8fe6bf30_0;
E_0x556f8fe6b570 .event/or E_0x556f8fe6b570/0, E_0x556f8fe6b570/1;
    .scope S_0x556f8fe731e0;
T_0 ;
    %wait E_0x556f8fe6b570;
    %load/vec4 v0x556f8fe89ba0_0;
    %nor/r;
    %flag_set/vec4 8;
    %jmp/0xz  T_0.0, 8;
    %pushi/vec4 0, 0, 2;
    %assign/vec4 v0x556f8fe89cb0_0, 0;
    %pushi/vec4 0, 0, 3;
    %assign/vec4 v0x556f8fe89ac0_0, 0;
    %pushi/vec4 0, 0, 10;
    %assign/vec4 v0x556f8fe898f0_0, 0;
    %pushi/vec4 1, 0, 1;
    %assign/vec4 v0x556f8fe89f10_0, 0;
    %jmp T_0.1;
T_0.0 ;
    %load/vec4 v0x556f8fe89cb0_0;
    %dup/vec4;
    %pushi/vec4 0, 0, 2;
    %cmp/u;
    %jmp/1 T_0.2, 6;
    %dup/vec4;
    %pushi/vec4 1, 0, 2;
    %cmp/u;
    %jmp/1 T_0.3, 6;
    %dup/vec4;
    %pushi/vec4 2, 0, 2;
    %cmp/u;
    %jmp/1 T_0.4, 6;
    %dup/vec4;
    %pushi/vec4 3, 0, 2;
    %cmp/u;
    %jmp/1 T_0.5, 6;
    %jmp T_0.6;
T_0.2 ;
    %pushi/vec4 1, 0, 1;
    %assign/vec4 v0x556f8fe89f10_0, 0;
    %pushi/vec4 0, 0, 10;
    %assign/vec4 v0x556f8fe898f0_0, 0;
    %pushi/vec4 0, 0, 3;
    %assign/vec4 v0x556f8fe89ac0_0, 0;
    %load/vec4 v0x556f8fe89e50_0;
    %flag_set/vec4 8;
    %jmp/0xz  T_0.7, 8;
    %pushi/vec4 1, 0, 2;
    %assign/vec4 v0x556f8fe89cb0_0, 0;
T_0.7 ;
    %jmp T_0.6;
T_0.3 ;
    %pushi/vec4 0, 0, 1;
    %assign/vec4 v0x556f8fe89f10_0, 0;
    %load/vec4 v0x556f8fe898f0_0;
    %pad/u 32;
    %cmpi/u 868, 0, 32;
    %jmp/0xz  T_0.9, 5;
    %load/vec4 v0x556f8fe898f0_0;
    %addi 1, 0, 10;
    %assign/vec4 v0x556f8fe898f0_0, 0;
    %jmp T_0.10;
T_0.9 ;
    %pushi/vec4 2, 0, 2;
    %assign/vec4 v0x556f8fe89cb0_0, 0;
    %pushi/vec4 0, 0, 10;
    %assign/vec4 v0x556f8fe898f0_0, 0;
T_0.10 ;
    %jmp T_0.6;
T_0.4 ;
    %load/vec4 v0x556f8fe898f0_0;
    %pad/u 32;
    %cmpi/u 868, 0, 32;
    %jmp/0xz  T_0.11, 5;
    %load/vec4 v0x556f8fe898f0_0;
    %addi 1, 0, 10;
    %assign/vec4 v0x556f8fe898f0_0, 0;
    %load/vec4 v0x556f8fe899d0_0;
    %load/vec4 v0x556f8fe89ac0_0;
    %part/u 1;
    %assign/vec4 v0x556f8fe89f10_0, 0;
    %jmp T_0.12;
T_0.11 ;
    %load/vec4 v0x556f8fe89ac0_0;
    %cmpi/e 7, 0, 3;
    %jmp/0xz  T_0.13, 4;
    %pushi/vec4 3, 0, 2;
    %assign/vec4 v0x556f8fe89cb0_0, 0;
    %pushi/vec4 0, 0, 10;
    %assign/vec4 v0x556f8fe898f0_0, 0;
    %jmp T_0.14;
T_0.13 ;
    %pushi/vec4 0, 0, 10;
    %assign/vec4 v0x556f8fe898f0_0, 0;
    %load/vec4 v0x556f8fe89ac0_0;
    %addi 1, 0, 3;
    %assign/vec4 v0x556f8fe89ac0_0, 0;
T_0.14 ;
T_0.12 ;
    %jmp T_0.6;
T_0.5 ;
    %pushi/vec4 0, 0, 1;
    %assign/vec4 v0x556f8fe89f10_0, 0;
    %load/vec4 v0x556f8fe898f0_0;
    %pad/u 32;
    %cmpi/u 868, 0, 32;
    %jmp/0xz  T_0.15, 5;
    %load/vec4 v0x556f8fe898f0_0;
    %addi 1, 0, 10;
    %assign/vec4 v0x556f8fe898f0_0, 0;
    %jmp T_0.16;
T_0.15 ;
    %pushi/vec4 0, 0, 2;
    %assign/vec4 v0x556f8fe89cb0_0, 0;
    %pushi/vec4 1, 0, 1;
    %assign/vec4 v0x556f8fe89f10_0, 0;
T_0.16 ;
    %jmp T_0.6;
T_0.6 ;
    %pop/vec4 1;
T_0.1 ;
    %jmp T_0;
    .thread T_0;
    .scope S_0x556f8fe73050;
T_1 ;
    %delay 100000000, 0;
    %vpi_call 2 10 "$finish" {0 0 0};
    %end;
    .thread T_1;
    .scope S_0x556f8fe73050;
T_2 ;
    %pushi/vec4 0, 0, 1;
    %store/vec4 v0x556f8fe8a070_0, 0, 1;
T_2.0 ;
    %delay 5000, 0;
    %load/vec4 v0x556f8fe8a070_0;
    %inv;
    %store/vec4 v0x556f8fe8a070_0, 0, 1;
    %jmp T_2.0;
    %end;
    .thread T_2;
    .scope S_0x556f8fe73050;
T_3 ;
    %vpi_call 2 17 "$dumpfile", "uart_tx_sim.vcd" {0 0 0};
    %vpi_call 2 18 "$dumpvars", 32'sb00000000000000000000000000000000, S_0x556f8fe73050 {0 0 0};
    %pushi/vec4 0, 0, 1;
    %store/vec4 v0x556f8fe8a230_0, 0, 1;
    %pushi/vec4 65, 0, 8;
    %store/vec4 v0x556f8fe8a160_0, 0, 8;
    %delay 2000, 0;
    %pushi/vec4 1, 0, 1;
    %store/vec4 v0x556f8fe8a230_0, 0, 1;
    %delay 15000, 0;
    %pushi/vec4 1, 0, 1;
    %store/vec4 v0x556f8fe8a330_0, 0, 1;
    %delay 20000, 0;
    %pushi/vec4 0, 0, 1;
    %store/vec4 v0x556f8fe8a330_0, 0, 1;
    %end;
    .thread T_3;
# The file index is used to find the file name in the following table.
:file_names 4;
    "N/A";
    "<interactive>";
    "tb/UART_tx_tb.v";
    "rtl/UART_TX.v";
